

Started GET "/" for 127.0.0.1 at 2014-11-24 08:39:07 +0100

ActiveRecord::PendingMigrationError (

Migrations are pending. To resolve this issue, run:

	bin/rake db:migrate RAILS_ENV=development

):
  activerecord (4.1.6) lib/active_record/migration.rb:389:in `check_pending!'
  activerecord (4.1.6) lib/active_record/migration.rb:377:in `call'
  actionpack (4.1.6) lib/action_dispatch/middleware/callbacks.rb:29:in `block in call'
  activesupport (4.1.6) lib/active_support/callbacks.rb:82:in `run_callbacks'
  actionpack (4.1.6) lib/action_dispatch/middleware/callbacks.rb:27:in `call'
  actionpack (4.1.6) lib/action_dispatch/middleware/reloader.rb:73:in `call'
  actionpack (4.1.6) lib/action_dispatch/middleware/remote_ip.rb:76:in `call'
  actionpack (4.1.6) lib/action_dispatch/middleware/debug_exceptions.rb:17:in `call'
  actionpack (4.1.6) lib/action_dispatch/middleware/show_exceptions.rb:30:in `call'
  railties (4.1.6) lib/rails/rack/logger.rb:38:in `call_app'
  railties (4.1.6) lib/rails/rack/logger.rb:20:in `block in call'
  activesupport (4.1.6) lib/active_support/tagged_logging.rb:68:in `block in tagged'
  activesupport (4.1.6) lib/active_support/tagged_logging.rb:26:in `tagged'
  activesupport (4.1.6) lib/active_support/tagged_logging.rb:68:in `tagged'
  railties (4.1.6) lib/rails/rack/logger.rb:20:in `call'
  actionpack (4.1.6) lib/action_dispatch/middleware/request_id.rb:21:in `call'
  rack (1.5.2) lib/rack/methodoverride.rb:21:in `call'
  rack (1.5.2) lib/rack/runtime.rb:17:in `call'
  activesupport (4.1.6) lib/active_support/cache/strategy/local_cache_middleware.rb:26:in `call'
  rack (1.5.2) lib/rack/lock.rb:17:in `call'
  actionpack (4.1.6) lib/action_dispatch/middleware/static.rb:64:in `call'
  rack (1.5.2) lib/rack/sendfile.rb:112:in `call'
  railties (4.1.6) lib/rails/engine.rb:514:in `call'
  railties (4.1.6) lib/rails/application.rb:144:in `call'
  rack (1.5.2) lib/rack/lock.rb:17:in `call'
  rack (1.5.2) lib/rack/content_length.rb:14:in `call'
  rack (1.5.2) lib/rack/handler/webrick.rb:60:in `service'
  /home/raven/.rbenv/versions/2.0.0-dev/lib/ruby/2.0.0/webrick/httpserver.rb:138:in `service'
  /home/raven/.rbenv/versions/2.0.0-dev/lib/ruby/2.0.0/webrick/httpserver.rb:94:in `run'
  /home/raven/.rbenv/versions/2.0.0-dev/lib/ruby/2.0.0/webrick/server.rb:295:in `block in start_thread'


  Rendered /home/raven/.rbenv/versions/2.0.0-dev/lib/ruby/gems/2.0.0/gems/actionpack-4.1.6/lib/action_dispatch/middleware/templates/rescues/_source.erb (1.4ms)
  Rendered /home/raven/.rbenv/versions/2.0.0-dev/lib/ruby/gems/2.0.0/gems/actionpack-4.1.6/lib/action_dispatch/middleware/templates/rescues/_trace.html.erb (1.8ms)
  Rendered /home/raven/.rbenv/versions/2.0.0-dev/lib/ruby/gems/2.0.0/gems/actionpack-4.1.6/lib/action_dispatch/middleware/templates/rescues/_request_and_response.html.erb (1.5ms)
  Rendered /home/raven/.rbenv/versions/2.0.0-dev/lib/ruby/gems/2.0.0/gems/actionpack-4.1.6/lib/action_dispatch/middleware/templates/rescues/diagnostics.erb within rescues/layout (30.3ms)


Started GET "/members" for 127.0.0.1 at 2014-11-24 09:09:12 +0100

ActiveRecord::PendingMigrationError (

Migrations are pending. To resolve this issue, run:

	bin/rake db:migrate RAILS_ENV=development

):
  activerecord (4.1.6) lib/active_record/migration.rb:389:in `check_pending!'
  activerecord (4.1.6) lib/active_record/migration.rb:377:in `call'
  actionpack (4.1.6) lib/action_dispatch/middleware/callbacks.rb:29:in `block in call'
  activesupport (4.1.6) lib/active_support/callbacks.rb:82:in `run_callbacks'
  actionpack (4.1.6) lib/action_dispatch/middleware/callbacks.rb:27:in `call'
  actionpack (4.1.6) lib/action_dispatch/middleware/reloader.rb:73:in `call'
  actionpack (4.1.6) lib/action_dispatch/middleware/remote_ip.rb:76:in `call'
  actionpack (4.1.6) lib/action_dispatch/middleware/debug_exceptions.rb:17:in `call'
  actionpack (4.1.6) lib/action_dispatch/middleware/show_exceptions.rb:30:in `call'
  railties (4.1.6) lib/rails/rack/logger.rb:38:in `call_app'
  railties (4.1.6) lib/rails/rack/logger.rb:20:in `block in call'
  activesupport (4.1.6) lib/active_support/tagged_logging.rb:68:in `block in tagged'
  activesupport (4.1.6) lib/active_support/tagged_logging.rb:26:in `tagged'
  activesupport (4.1.6) lib/active_support/tagged_logging.rb:68:in `tagged'
  railties (4.1.6) lib/rails/rack/logger.rb:20:in `call'
  actionpack (4.1.6) lib/action_dispatch/middleware/request_id.rb:21:in `call'
  rack (1.5.2) lib/rack/methodoverride.rb:21:in `call'
  rack (1.5.2) lib/rack/runtime.rb:17:in `call'
  activesupport (4.1.6) lib/active_support/cache/strategy/local_cache_middleware.rb:26:in `call'
  rack (1.5.2) lib/rack/lock.rb:17:in `call'
  actionpack (4.1.6) lib/action_dispatch/middleware/static.rb:64:in `call'
  rack (1.5.2) lib/rack/sendfile.rb:112:in `call'
  railties (4.1.6) lib/rails/engine.rb:514:in `call'
  railties (4.1.6) lib/rails/application.rb:144:in `call'
  rack (1.5.2) lib/rack/lock.rb:17:in `call'
  rack (1.5.2) lib/rack/content_length.rb:14:in `call'
  rack (1.5.2) lib/rack/handler/webrick.rb:60:in `service'
  /home/raven/.rbenv/versions/2.0.0-dev/lib/ruby/2.0.0/webrick/httpserver.rb:138:in `service'
  /home/raven/.rbenv/versions/2.0.0-dev/lib/ruby/2.0.0/webrick/httpserver.rb:94:in `run'
  /home/raven/.rbenv/versions/2.0.0-dev/lib/ruby/2.0.0/webrick/server.rb:295:in `block in start_thread'


  Rendered /home/raven/.rbenv/versions/2.0.0-dev/lib/ruby/gems/2.0.0/gems/actionpack-4.1.6/lib/action_dispatch/middleware/templates/rescues/_source.erb (1.0ms)
  Rendered /home/raven/.rbenv/versions/2.0.0-dev/lib/ruby/gems/2.0.0/gems/actionpack-4.1.6/lib/action_dispatch/middleware/templates/rescues/_trace.html.erb (1.6ms)
  Rendered /home/raven/.rbenv/versions/2.0.0-dev/lib/ruby/gems/2.0.0/gems/actionpack-4.1.6/lib/action_dispatch/middleware/templates/rescues/_request_and_response.html.erb (1.5ms)
  Rendered /home/raven/.rbenv/versions/2.0.0-dev/lib/ruby/gems/2.0.0/gems/actionpack-4.1.6/lib/action_dispatch/middleware/templates/rescues/diagnostics.erb within rescues/layout (25.4ms)


Started GET "/dragon_eggs" for 127.0.0.1 at 2014-11-24 09:09:56 +0100

ActiveRecord::PendingMigrationError (

Migrations are pending. To resolve this issue, run:

	bin/rake db:migrate RAILS_ENV=development

):
  activerecord (4.1.6) lib/active_record/migration.rb:389:in `check_pending!'
  activerecord (4.1.6) lib/active_record/migration.rb:377:in `call'
  actionpack (4.1.6) lib/action_dispatch/middleware/callbacks.rb:29:in `block in call'
  activesupport (4.1.6) lib/active_support/callbacks.rb:82:in `run_callbacks'
  actionpack (4.1.6) lib/action_dispatch/middleware/callbacks.rb:27:in `call'
  actionpack (4.1.6) lib/action_dispatch/middleware/reloader.rb:73:in `call'
  actionpack (4.1.6) lib/action_dispatch/middleware/remote_ip.rb:76:in `call'
  actionpack (4.1.6) lib/action_dispatch/middleware/debug_exceptions.rb:17:in `call'
  actionpack (4.1.6) lib/action_dispatch/middleware/show_exceptions.rb:30:in `call'
  railties (4.1.6) lib/rails/rack/logger.rb:38:in `call_app'
  railties (4.1.6) lib/rails/rack/logger.rb:20:in `block in call'
  activesupport (4.1.6) lib/active_support/tagged_logging.rb:68:in `block in tagged'
  activesupport (4.1.6) lib/active_support/tagged_logging.rb:26:in `tagged'
  activesupport (4.1.6) lib/active_support/tagged_logging.rb:68:in `tagged'
  railties (4.1.6) lib/rails/rack/logger.rb:20:in `call'
  actionpack (4.1.6) lib/action_dispatch/middleware/request_id.rb:21:in `call'
  rack (1.5.2) lib/rack/methodoverride.rb:21:in `call'
  rack (1.5.2) lib/rack/runtime.rb:17:in `call'
  activesupport (4.1.6) lib/active_support/cache/strategy/local_cache_middleware.rb:26:in `call'
  rack (1.5.2) lib/rack/lock.rb:17:in `call'
  actionpack (4.1.6) lib/action_dispatch/middleware/static.rb:64:in `call'
  rack (1.5.2) lib/rack/sendfile.rb:112:in `call'
  railties (4.1.6) lib/rails/engine.rb:514:in `call'
  railties (4.1.6) lib/rails/application.rb:144:in `call'
  rack (1.5.2) lib/rack/lock.rb:17:in `call'
  rack (1.5.2) lib/rack/content_length.rb:14:in `call'
  rack (1.5.2) lib/rack/handler/webrick.rb:60:in `service'
  /home/raven/.rbenv/versions/2.0.0-dev/lib/ruby/2.0.0/webrick/httpserver.rb:138:in `service'
  /home/raven/.rbenv/versions/2.0.0-dev/lib/ruby/2.0.0/webrick/httpserver.rb:94:in `run'
  /home/raven/.rbenv/versions/2.0.0-dev/lib/ruby/2.0.0/webrick/server.rb:295:in `block in start_thread'


  Rendered /home/raven/.rbenv/versions/2.0.0-dev/lib/ruby/gems/2.0.0/gems/actionpack-4.1.6/lib/action_dispatch/middleware/templates/rescues/_source.erb (1.3ms)
  Rendered /home/raven/.rbenv/versions/2.0.0-dev/lib/ruby/gems/2.0.0/gems/actionpack-4.1.6/lib/action_dispatch/middleware/templates/rescues/_trace.html.erb (1.8ms)
  Rendered /home/raven/.rbenv/versions/2.0.0-dev/lib/ruby/gems/2.0.0/gems/actionpack-4.1.6/lib/action_dispatch/middleware/templates/rescues/_request_and_response.html.erb (1.8ms)
  Rendered /home/raven/.rbenv/versions/2.0.0-dev/lib/ruby/gems/2.0.0/gems/actionpack-4.1.6/lib/action_dispatch/middleware/templates/rescues/diagnostics.erb within rescues/layout (27.2ms)


Started GET "/dragon_eggs" for 127.0.0.1 at 2014-11-24 09:09:58 +0100

ActiveRecord::PendingMigrationError (

Migrations are pending. To resolve this issue, run:

	bin/rake db:migrate RAILS_ENV=development

):
  activerecord (4.1.6) lib/active_record/migration.rb:389:in `check_pending!'
  activerecord (4.1.6) lib/active_record/migration.rb:377:in `call'
  actionpack (4.1.6) lib/action_dispatch/middleware/callbacks.rb:29:in `block in call'
  activesupport (4.1.6) lib/active_support/callbacks.rb:82:in `run_callbacks'
  actionpack (4.1.6) lib/action_dispatch/middleware/callbacks.rb:27:in `call'
  actionpack (4.1.6) lib/action_dispatch/middleware/reloader.rb:73:in `call'
  actionpack (4.1.6) lib/action_dispatch/middleware/remote_ip.rb:76:in `call'
  actionpack (4.1.6) lib/action_dispatch/middleware/debug_exceptions.rb:17:in `call'
  actionpack (4.1.6) lib/action_dispatch/middleware/show_exceptions.rb:30:in `call'
  railties (4.1.6) lib/rails/rack/logger.rb:38:in `call_app'
  railties (4.1.6) lib/rails/rack/logger.rb:20:in `block in call'
  activesupport (4.1.6) lib/active_support/tagged_logging.rb:68:in `block in tagged'
  activesupport (4.1.6) lib/active_support/tagged_logging.rb:26:in `tagged'
  activesupport (4.1.6) lib/active_support/tagged_logging.rb:68:in `tagged'
  railties (4.1.6) lib/rails/rack/logger.rb:20:in `call'
  actionpack (4.1.6) lib/action_dispatch/middleware/request_id.rb:21:in `call'
  rack (1.5.2) lib/rack/methodoverride.rb:21:in `call'
  rack (1.5.2) lib/rack/runtime.rb:17:in `call'
  activesupport (4.1.6) lib/active_support/cache/strategy/local_cache_middleware.rb:26:in `call'
  rack (1.5.2) lib/rack/lock.rb:17:in `call'
  actionpack (4.1.6) lib/action_dispatch/middleware/static.rb:64:in `call'
  rack (1.5.2) lib/rack/sendfile.rb:112:in `call'
  railties (4.1.6) lib/rails/engine.rb:514:in `call'
  railties (4.1.6) lib/rails/application.rb:144:in `call'
  rack (1.5.2) lib/rack/lock.rb:17:in `call'
  rack (1.5.2) lib/rack/content_length.rb:14:in `call'
  rack (1.5.2) lib/rack/handler/webrick.rb:60:in `service'
  /home/raven/.rbenv/versions/2.0.0-dev/lib/ruby/2.0.0/webrick/httpserver.rb:138:in `service'
  /home/raven/.rbenv/versions/2.0.0-dev/lib/ruby/2.0.0/webrick/httpserver.rb:94:in `run'
  /home/raven/.rbenv/versions/2.0.0-dev/lib/ruby/2.0.0/webrick/server.rb:295:in `block in start_thread'


  Rendered /home/raven/.rbenv/versions/2.0.0-dev/lib/ruby/gems/2.0.0/gems/actionpack-4.1.6/lib/action_dispatch/middleware/templates/rescues/_source.erb (1.0ms)
  Rendered /home/raven/.rbenv/versions/2.0.0-dev/lib/ruby/gems/2.0.0/gems/actionpack-4.1.6/lib/action_dispatch/middleware/templates/rescues/_trace.html.erb (2.3ms)
  Rendered /home/raven/.rbenv/versions/2.0.0-dev/lib/ruby/gems/2.0.0/gems/actionpack-4.1.6/lib/action_dispatch/middleware/templates/rescues/_request_and_response.html.erb (1.6ms)
  Rendered /home/raven/.rbenv/versions/2.0.0-dev/lib/ruby/gems/2.0.0/gems/actionpack-4.1.6/lib/action_dispatch/middleware/templates/rescues/diagnostics.erb within rescues/layout (25.9ms)


Started GET "/dragon_eggs" for 127.0.0.1 at 2014-11-24 09:09:59 +0100

ActiveRecord::PendingMigrationError (

Migrations are pending. To resolve this issue, run:

	bin/rake db:migrate RAILS_ENV=development

):
  activerecord (4.1.6) lib/active_record/migration.rb:389:in `check_pending!'
  activerecord (4.1.6) lib/active_record/migration.rb:377:in `call'
  actionpack (4.1.6) lib/action_dispatch/middleware/callbacks.rb:29:in `block in call'
  activesupport (4.1.6) lib/active_support/callbacks.rb:82:in `run_callbacks'
  actionpack (4.1.6) lib/action_dispatch/middleware/callbacks.rb:27:in `call'
  actionpack (4.1.6) lib/action_dispatch/middleware/reloader.rb:73:in `call'
  actionpack (4.1.6) lib/action_dispatch/middleware/remote_ip.rb:76:in `call'
  actionpack (4.1.6) lib/action_dispatch/middleware/debug_exceptions.rb:17:in `call'
  actionpack (4.1.6) lib/action_dispatch/middleware/show_exceptions.rb:30:in `call'
  railties (4.1.6) lib/rails/rack/logger.rb:38:in `call_app'
  railties (4.1.6) lib/rails/rack/logger.rb:20:in `block in call'
  activesupport (4.1.6) lib/active_support/tagged_logging.rb:68:in `block in tagged'
  activesupport (4.1.6) lib/active_support/tagged_logging.rb:26:in `tagged'
  activesupport (4.1.6) lib/active_support/tagged_logging.rb:68:in `tagged'
  railties (4.1.6) lib/rails/rack/logger.rb:20:in `call'
  actionpack (4.1.6) lib/action_dispatch/middleware/request_id.rb:21:in `call'
  rack (1.5.2) lib/rack/methodoverride.rb:21:in `call'
  rack (1.5.2) lib/rack/runtime.rb:17:in `call'
  activesupport (4.1.6) lib/active_support/cache/strategy/local_cache_middleware.rb:26:in `call'
  rack (1.5.2) lib/rack/lock.rb:17:in `call'
  actionpack (4.1.6) lib/action_dispatch/middleware/static.rb:64:in `call'
  rack (1.5.2) lib/rack/sendfile.rb:112:in `call'
  railties (4.1.6) lib/rails/engine.rb:514:in `call'
  railties (4.1.6) lib/rails/application.rb:144:in `call'
  rack (1.5.2) lib/rack/lock.rb:17:in `call'
  rack (1.5.2) lib/rack/content_length.rb:14:in `call'
  rack (1.5.2) lib/rack/handler/webrick.rb:60:in `service'
  /home/raven/.rbenv/versions/2.0.0-dev/lib/ruby/2.0.0/webrick/httpserver.rb:138:in `service'
  /home/raven/.rbenv/versions/2.0.0-dev/lib/ruby/2.0.0/webrick/httpserver.rb:94:in `run'
  /home/raven/.rbenv/versions/2.0.0-dev/lib/ruby/2.0.0/webrick/server.rb:295:in `block in start_thread'


  Rendered /home/raven/.rbenv/versions/2.0.0-dev/lib/ruby/gems/2.0.0/gems/actionpack-4.1.6/lib/action_dispatch/middleware/templates/rescues/_source.erb (1.6ms)
  Rendered /home/raven/.rbenv/versions/2.0.0-dev/lib/ruby/gems/2.0.0/gems/actionpack-4.1.6/lib/action_dispatch/middleware/templates/rescues/_trace.html.erb (2.1ms)
  Rendered /home/raven/.rbenv/versions/2.0.0-dev/lib/ruby/gems/2.0.0/gems/actionpack-4.1.6/lib/action_dispatch/middleware/templates/rescues/_request_and_response.html.erb (1.5ms)
  Rendered /home/raven/.rbenv/versions/2.0.0-dev/lib/ruby/gems/2.0.0/gems/actionpack-4.1.6/lib/action_dispatch/middleware/templates/rescues/diagnostics.erb within rescues/layout (31.0ms)


Started GET "/dragon_eggs" for 127.0.0.1 at 2014-11-24 09:10:00 +0100

ActiveRecord::PendingMigrationError (

Migrations are pending. To resolve this issue, run:

	bin/rake db:migrate RAILS_ENV=development

):
  activerecord (4.1.6) lib/active_record/migration.rb:389:in `check_pending!'
  activerecord (4.1.6) lib/active_record/migration.rb:377:in `call'
  actionpack (4.1.6) lib/action_dispatch/middleware/callbacks.rb:29:in `block in call'
  activesupport (4.1.6) lib/active_support/callbacks.rb:82:in `run_callbacks'
  actionpack (4.1.6) lib/action_dispatch/middleware/callbacks.rb:27:in `call'
  actionpack (4.1.6) lib/action_dispatch/middleware/reloader.rb:73:in `call'
  actionpack (4.1.6) lib/action_dispatch/middleware/remote_ip.rb:76:in `call'
  actionpack (4.1.6) lib/action_dispatch/middleware/debug_exceptions.rb:17:in `call'
  actionpack (4.1.6) lib/action_dispatch/middleware/show_exceptions.rb:30:in `call'
  railties (4.1.6) lib/rails/rack/logger.rb:38:in `call_app'
  railties (4.1.6) lib/rails/rack/logger.rb:20:in `block in call'
  activesupport (4.1.6) lib/active_support/tagged_logging.rb:68:in `block in tagged'
  activesupport (4.1.6) lib/active_support/tagged_logging.rb:26:in `tagged'
  activesupport (4.1.6) lib/active_support/tagged_logging.rb:68:in `tagged'
  railties (4.1.6) lib/rails/rack/logger.rb:20:in `call'
  actionpack (4.1.6) lib/action_dispatch/middleware/request_id.rb:21:in `call'
  rack (1.5.2) lib/rack/methodoverride.rb:21:in `call'
  rack (1.5.2) lib/rack/runtime.rb:17:in `call'
  activesupport (4.1.6) lib/active_support/cache/strategy/local_cache_middleware.rb:26:in `call'
  rack (1.5.2) lib/rack/lock.rb:17:in `call'
  actionpack (4.1.6) lib/action_dispatch/middleware/static.rb:64:in `call'
  rack (1.5.2) lib/rack/sendfile.rb:112:in `call'
  railties (4.1.6) lib/rails/engine.rb:514:in `call'
  railties (4.1.6) lib/rails/application.rb:144:in `call'
  rack (1.5.2) lib/rack/lock.rb:17:in `call'
  rack (1.5.2) lib/rack/content_length.rb:14:in `call'
  rack (1.5.2) lib/rack/handler/webrick.rb:60:in `service'
  /home/raven/.rbenv/versions/2.0.0-dev/lib/ruby/2.0.0/webrick/httpserver.rb:138:in `service'
  /home/raven/.rbenv/versions/2.0.0-dev/lib/ruby/2.0.0/webrick/httpserver.rb:94:in `run'
  /home/raven/.rbenv/versions/2.0.0-dev/lib/ruby/2.0.0/webrick/server.rb:295:in `block in start_thread'


  Rendered /home/raven/.rbenv/versions/2.0.0-dev/lib/ruby/gems/2.0.0/gems/actionpack-4.1.6/lib/action_dispatch/middleware/templates/rescues/_source.erb (1.1ms)
  Rendered /home/raven/.rbenv/versions/2.0.0-dev/lib/ruby/gems/2.0.0/gems/actionpack-4.1.6/lib/action_dispatch/middleware/templates/rescues/_trace.html.erb (2.3ms)
  Rendered /home/raven/.rbenv/versions/2.0.0-dev/lib/ruby/gems/2.0.0/gems/actionpack-4.1.6/lib/action_dispatch/middleware/templates/rescues/_request_and_response.html.erb (1.6ms)
  Rendered /home/raven/.rbenv/versions/2.0.0-dev/lib/ruby/gems/2.0.0/gems/actionpack-4.1.6/lib/action_dispatch/middleware/templates/rescues/diagnostics.erb within rescues/layout (28.1ms)


Started GET "/dragon_eggs" for 127.0.0.1 at 2014-11-24 09:10:00 +0100

ActiveRecord::PendingMigrationError (

Migrations are pending. To resolve this issue, run:

	bin/rake db:migrate RAILS_ENV=development

):
  activerecord (4.1.6) lib/active_record/migration.rb:389:in `check_pending!'
  activerecord (4.1.6) lib/active_record/migration.rb:377:in `call'
  actionpack (4.1.6) lib/action_dispatch/middleware/callbacks.rb:29:in `block in call'
  activesupport (4.1.6) lib/active_support/callbacks.rb:82:in `run_callbacks'
  actionpack (4.1.6) lib/action_dispatch/middleware/callbacks.rb:27:in `call'
  actionpack (4.1.6) lib/action_dispatch/middleware/reloader.rb:73:in `call'
  actionpack (4.1.6) lib/action_dispatch/middleware/remote_ip.rb:76:in `call'
  actionpack (4.1.6) lib/action_dispatch/middleware/debug_exceptions.rb:17:in `call'
  actionpack (4.1.6) lib/action_dispatch/middleware/show_exceptions.rb:30:in `call'
  railties (4.1.6) lib/rails/rack/logger.rb:38:in `call_app'
  railties (4.1.6) lib/rails/rack/logger.rb:20:in `block in call'
  activesupport (4.1.6) lib/active_support/tagged_logging.rb:68:in `block in tagged'
  activesupport (4.1.6) lib/active_support/tagged_logging.rb:26:in `tagged'
  activesupport (4.1.6) lib/active_support/tagged_logging.rb:68:in `tagged'
  railties (4.1.6) lib/rails/rack/logger.rb:20:in `call'
  actionpack (4.1.6) lib/action_dispatch/middleware/request_id.rb:21:in `call'
  rack (1.5.2) lib/rack/methodoverride.rb:21:in `call'
  rack (1.5.2) lib/rack/runtime.rb:17:in `call'
  activesupport (4.1.6) lib/active_support/cache/strategy/local_cache_middleware.rb:26:in `call'
  rack (1.5.2) lib/rack/lock.rb:17:in `call'
  actionpack (4.1.6) lib/action_dispatch/middleware/static.rb:64:in `call'
  rack (1.5.2) lib/rack/sendfile.rb:112:in `call'
  railties (4.1.6) lib/rails/engine.rb:514:in `call'
  railties (4.1.6) lib/rails/application.rb:144:in `call'
  rack (1.5.2) lib/rack/lock.rb:17:in `call'
  rack (1.5.2) lib/rack/content_length.rb:14:in `call'
  rack (1.5.2) lib/rack/handler/webrick.rb:60:in `service'
  /home/raven/.rbenv/versions/2.0.0-dev/lib/ruby/2.0.0/webrick/httpserver.rb:138:in `service'
  /home/raven/.rbenv/versions/2.0.0-dev/lib/ruby/2.0.0/webrick/httpserver.rb:94:in `run'
  /home/raven/.rbenv/versions/2.0.0-dev/lib/ruby/2.0.0/webrick/server.rb:295:in `block in start_thread'


  Rendered /home/raven/.rbenv/versions/2.0.0-dev/lib/ruby/gems/2.0.0/gems/actionpack-4.1.6/lib/action_dispatch/middleware/templates/rescues/_source.erb (1.7ms)
  Rendered /home/raven/.rbenv/versions/2.0.0-dev/lib/ruby/gems/2.0.0/gems/actionpack-4.1.6/lib/action_dispatch/middleware/templates/rescues/_trace.html.erb (1.9ms)
  Rendered /home/raven/.rbenv/versions/2.0.0-dev/lib/ruby/gems/2.0.0/gems/actionpack-4.1.6/lib/action_dispatch/middleware/templates/rescues/_request_and_response.html.erb (1.6ms)
  Rendered /home/raven/.rbenv/versions/2.0.0-dev/lib/ruby/gems/2.0.0/gems/actionpack-4.1.6/lib/action_dispatch/middleware/templates/rescues/diagnostics.erb within rescues/layout (30.0ms)


Started GET "/dragon_eggs" for 127.0.0.1 at 2014-11-24 09:10:01 +0100

ActiveRecord::PendingMigrationError (

Migrations are pending. To resolve this issue, run:

	bin/rake db:migrate RAILS_ENV=development

):
  activerecord (4.1.6) lib/active_record/migration.rb:389:in `check_pending!'
  activerecord (4.1.6) lib/active_record/migration.rb:377:in `call'
  actionpack (4.1.6) lib/action_dispatch/middleware/callbacks.rb:29:in `block in call'
  activesupport (4.1.6) lib/active_support/callbacks.rb:82:in `run_callbacks'
  actionpack (4.1.6) lib/action_dispatch/middleware/callbacks.rb:27:in `call'
  actionpack (4.1.6) lib/action_dispatch/middleware/reloader.rb:73:in `call'
  actionpack (4.1.6) lib/action_dispatch/middleware/remote_ip.rb:76:in `call'
  actionpack (4.1.6) lib/action_dispatch/middleware/debug_exceptions.rb:17:in `call'
  actionpack (4.1.6) lib/action_dispatch/middleware/show_exceptions.rb:30:in `call'
  railties (4.1.6) lib/rails/rack/logger.rb:38:in `call_app'
  railties (4.1.6) lib/rails/rack/logger.rb:20:in `block in call'
  activesupport (4.1.6) lib/active_support/tagged_logging.rb:68:in `block in tagged'
  activesupport (4.1.6) lib/active_support/tagged_logging.rb:26:in `tagged'
  activesupport (4.1.6) lib/active_support/tagged_logging.rb:68:in `tagged'
  railties (4.1.6) lib/rails/rack/logger.rb:20:in `call'
  actionpack (4.1.6) lib/action_dispatch/middleware/request_id.rb:21:in `call'
  rack (1.5.2) lib/rack/methodoverride.rb:21:in `call'
  rack (1.5.2) lib/rack/runtime.rb:17:in `call'
  activesupport (4.1.6) lib/active_support/cache/strategy/local_cache_middleware.rb:26:in `call'
  rack (1.5.2) lib/rack/lock.rb:17:in `call'
  actionpack (4.1.6) lib/action_dispatch/middleware/static.rb:64:in `call'
  rack (1.5.2) lib/rack/sendfile.rb:112:in `call'
  railties (4.1.6) lib/rails/engine.rb:514:in `call'
  railties (4.1.6) lib/rails/application.rb:144:in `call'
  rack (1.5.2) lib/rack/lock.rb:17:in `call'
  rack (1.5.2) lib/rack/content_length.rb:14:in `call'
  rack (1.5.2) lib/rack/handler/webrick.rb:60:in `service'
  /home/raven/.rbenv/versions/2.0.0-dev/lib/ruby/2.0.0/webrick/httpserver.rb:138:in `service'
  /home/raven/.rbenv/versions/2.0.0-dev/lib/ruby/2.0.0/webrick/httpserver.rb:94:in `run'
  /home/raven/.rbenv/versions/2.0.0-dev/lib/ruby/2.0.0/webrick/server.rb:295:in `block in start_thread'


  Rendered /home/raven/.rbenv/versions/2.0.0-dev/lib/ruby/gems/2.0.0/gems/actionpack-4.1.6/lib/action_dispatch/middleware/templates/rescues/_source.erb (1.5ms)
  Rendered /home/raven/.rbenv/versions/2.0.0-dev/lib/ruby/gems/2.0.0/gems/actionpack-4.1.6/lib/action_dispatch/middleware/templates/rescues/_trace.html.erb (2.9ms)
  Rendered /home/raven/.rbenv/versions/2.0.0-dev/lib/ruby/gems/2.0.0/gems/actionpack-4.1.6/lib/action_dispatch/middleware/templates/rescues/_request_and_response.html.erb (4.0ms)
  Rendered /home/raven/.rbenv/versions/2.0.0-dev/lib/ruby/gems/2.0.0/gems/actionpack-4.1.6/lib/action_dispatch/middleware/templates/rescues/diagnostics.erb within rescues/layout (38.8ms)


Started GET "/dragons_eggss" for 127.0.0.1 at 2014-11-24 09:10:33 +0100

ActiveRecord::PendingMigrationError (

Migrations are pending. To resolve this issue, run:

	bin/rake db:migrate RAILS_ENV=development

):
  activerecord (4.1.6) lib/active_record/migration.rb:389:in `check_pending!'
  activerecord (4.1.6) lib/active_record/migration.rb:377:in `call'
  actionpack (4.1.6) lib/action_dispatch/middleware/callbacks.rb:29:in `block in call'
  activesupport (4.1.6) lib/active_support/callbacks.rb:82:in `run_callbacks'
  actionpack (4.1.6) lib/action_dispatch/middleware/callbacks.rb:27:in `call'
  actionpack (4.1.6) lib/action_dispatch/middleware/reloader.rb:73:in `call'
  actionpack (4.1.6) lib/action_dispatch/middleware/remote_ip.rb:76:in `call'
  actionpack (4.1.6) lib/action_dispatch/middleware/debug_exceptions.rb:17:in `call'
  actionpack (4.1.6) lib/action_dispatch/middleware/show_exceptions.rb:30:in `call'
  railties (4.1.6) lib/rails/rack/logger.rb:38:in `call_app'
  railties (4.1.6) lib/rails/rack/logger.rb:20:in `block in call'
  activesupport (4.1.6) lib/active_support/tagged_logging.rb:68:in `block in tagged'
  activesupport (4.1.6) lib/active_support/tagged_logging.rb:26:in `tagged'
  activesupport (4.1.6) lib/active_support/tagged_logging.rb:68:in `tagged'
  railties (4.1.6) lib/rails/rack/logger.rb:20:in `call'
  actionpack (4.1.6) lib/action_dispatch/middleware/request_id.rb:21:in `call'
  rack (1.5.2) lib/rack/methodoverride.rb:21:in `call'
  rack (1.5.2) lib/rack/runtime.rb:17:in `call'
  activesupport (4.1.6) lib/active_support/cache/strategy/local_cache_middleware.rb:26:in `call'
  rack (1.5.2) lib/rack/lock.rb:17:in `call'
  actionpack (4.1.6) lib/action_dispatch/middleware/static.rb:64:in `call'
  rack (1.5.2) lib/rack/sendfile.rb:112:in `call'
  railties (4.1.6) lib/rails/engine.rb:514:in `call'
  railties (4.1.6) lib/rails/application.rb:144:in `call'
  rack (1.5.2) lib/rack/lock.rb:17:in `call'
  rack (1.5.2) lib/rack/content_length.rb:14:in `call'
  rack (1.5.2) lib/rack/handler/webrick.rb:60:in `service'
  /home/raven/.rbenv/versions/2.0.0-dev/lib/ruby/2.0.0/webrick/httpserver.rb:138:in `service'
  /home/raven/.rbenv/versions/2.0.0-dev/lib/ruby/2.0.0/webrick/httpserver.rb:94:in `run'
  /home/raven/.rbenv/versions/2.0.0-dev/lib/ruby/2.0.0/webrick/server.rb:295:in `block in start_thread'


  Rendered /home/raven/.rbenv/versions/2.0.0-dev/lib/ruby/gems/2.0.0/gems/actionpack-4.1.6/lib/action_dispatch/middleware/templates/rescues/_source.erb (1.1ms)
  Rendered /home/raven/.rbenv/versions/2.0.0-dev/lib/ruby/gems/2.0.0/gems/actionpack-4.1.6/lib/action_dispatch/middleware/templates/rescues/_trace.html.erb (1.8ms)
  Rendered /home/raven/.rbenv/versions/2.0.0-dev/lib/ruby/gems/2.0.0/gems/actionpack-4.1.6/lib/action_dispatch/middleware/templates/rescues/_request_and_response.html.erb (1.7ms)
  Rendered /home/raven/.rbenv/versions/2.0.0-dev/lib/ruby/gems/2.0.0/gems/actionpack-4.1.6/lib/action_dispatch/middleware/templates/rescues/diagnostics.erb within rescues/layout (27.4ms)
  [1m[36m (130.3ms)[0m  [1mCREATE TABLE "schema_migrations" ("version" varchar(255) NOT NULL) [0m
  [1m[35m (0.3ms)[0m  select sqlite_version(*)
  [1m[36m (123.7ms)[0m  [1mCREATE UNIQUE INDEX "unique_schema_migrations" ON "schema_migrations" ("version")[0m
  [1m[35mActiveRecord::SchemaMigration Load (0.3ms)[0m  SELECT "schema_migrations".* FROM "schema_migrations"
Migrating to CreateDragonEggs (20141007130809)
  [1m[36m (0.2ms)[0m  [1mbegin transaction[0m
  [1m[35m (1.1ms)[0m  CREATE TABLE "dragon_eggs" ("id" INTEGER PRIMARY KEY AUTOINCREMENT NOT NULL, "race" varchar(255), "count" integer, "description" varchar(255), "created_at" datetime, "updated_at" datetime) 
  [1m[36mSQL (0.3ms)[0m  [1mINSERT INTO "schema_migrations" ("version") VALUES (?)[0m  [["version", "20141007130809"]]
  [1m[35m (146.5ms)[0m  commit transaction
  [1m[36mActiveRecord::SchemaMigration Load (0.2ms)[0m  [1mSELECT "schema_migrations".* FROM "schema_migrations"[0m


Started GET "/dragons_eggs" for 127.0.0.1 at 2014-11-24 09:12:00 +0100
  [1m[36mActiveRecord::SchemaMigration Load (0.3ms)[0m  [1mSELECT "schema_migrations".* FROM "schema_migrations"[0m

ActionController::RoutingError (No route matches [GET] "/dragons_eggs"):
  actionpack (4.1.6) lib/action_dispatch/middleware/debug_exceptions.rb:21:in `call'
  actionpack (4.1.6) lib/action_dispatch/middleware/show_exceptions.rb:30:in `call'
  railties (4.1.6) lib/rails/rack/logger.rb:38:in `call_app'
  railties (4.1.6) lib/rails/rack/logger.rb:20:in `block in call'
  activesupport (4.1.6) lib/active_support/tagged_logging.rb:68:in `block in tagged'
  activesupport (4.1.6) lib/active_support/tagged_logging.rb:26:in `tagged'
  activesupport (4.1.6) lib/active_support/tagged_logging.rb:68:in `tagged'
  railties (4.1.6) lib/rails/rack/logger.rb:20:in `call'
  actionpack (4.1.6) lib/action_dispatch/middleware/request_id.rb:21:in `call'
  rack (1.5.2) lib/rack/methodoverride.rb:21:in `call'
  rack (1.5.2) lib/rack/runtime.rb:17:in `call'
  activesupport (4.1.6) lib/active_support/cache/strategy/local_cache_middleware.rb:26:in `call'
  rack (1.5.2) lib/rack/lock.rb:17:in `call'
  actionpack (4.1.6) lib/action_dispatch/middleware/static.rb:64:in `call'
  rack (1.5.2) lib/rack/sendfile.rb:112:in `call'
  railties (4.1.6) lib/rails/engine.rb:514:in `call'
  railties (4.1.6) lib/rails/application.rb:144:in `call'
  rack (1.5.2) lib/rack/lock.rb:17:in `call'
  rack (1.5.2) lib/rack/content_length.rb:14:in `call'
  rack (1.5.2) lib/rack/handler/webrick.rb:60:in `service'
  /home/raven/.rbenv/versions/2.0.0-dev/lib/ruby/2.0.0/webrick/httpserver.rb:138:in `service'
  /home/raven/.rbenv/versions/2.0.0-dev/lib/ruby/2.0.0/webrick/httpserver.rb:94:in `run'
  /home/raven/.rbenv/versions/2.0.0-dev/lib/ruby/2.0.0/webrick/server.rb:295:in `block in start_thread'


  Rendered /home/raven/.rbenv/versions/2.0.0-dev/lib/ruby/gems/2.0.0/gems/actionpack-4.1.6/lib/action_dispatch/middleware/templates/rescues/_trace.html.erb (1.8ms)
  Rendered /home/raven/.rbenv/versions/2.0.0-dev/lib/ruby/gems/2.0.0/gems/actionpack-4.1.6/lib/action_dispatch/middleware/templates/routes/_route.html.erb (2.0ms)
  Rendered /home/raven/.rbenv/versions/2.0.0-dev/lib/ruby/gems/2.0.0/gems/actionpack-4.1.6/lib/action_dispatch/middleware/templates/routes/_table.html.erb (10.3ms)
  Rendered /home/raven/.rbenv/versions/2.0.0-dev/lib/ruby/gems/2.0.0/gems/actionpack-4.1.6/lib/action_dispatch/middleware/templates/rescues/routing_error.html.erb within rescues/layout (68.3ms)
  [1m[36mActiveRecord::SchemaMigration Load (0.2ms)[0m  [1mSELECT "schema_migrations".* FROM "schema_migrations"[0m
  [1m[35mActiveRecord::SchemaMigration Load (0.1ms)[0m  SELECT "schema_migrations".* FROM "schema_migrations"


Started GET "/" for 127.0.0.1 at 2014-11-24 09:53:02 +0100
  [1m[36mActiveRecord::SchemaMigration Load (0.2ms)[0m  [1mSELECT "schema_migrations".* FROM "schema_migrations"[0m
Processing by Rails::WelcomeController#index as HTML
  Rendered /home/raven/.rbenv/versions/2.0.0-dev/lib/ruby/gems/2.0.0/gems/railties-4.1.6/lib/rails/templates/rails/welcome/index.html.erb (2.3ms)
Completed 200 OK in 49ms (Views: 26.6ms | ActiveRecord: 0.0ms)


Started GET "/dragon_eggs" for 127.0.0.1 at 2014-11-24 09:53:14 +0100
Processing by DragonEggsController#index as HTML
  [1m[35mDragonEgg Load (0.3ms)[0m  SELECT "dragon_eggs".* FROM "dragon_eggs"
  Rendered dragon_eggs/index.html.erb within layouts/application (2.5ms)
Completed 200 OK in 868ms (Views: 863.6ms | ActiveRecord: 0.3ms)


Started GET "/assets/dragon_eggs.css?body=1" for 127.0.0.1 at 2014-11-24 09:53:15 +0100


Started GET "/assets/dragon_eggs.js?body=1" for 127.0.0.1 at 2014-11-24 09:53:15 +0100


Started GET "/assets/application.css?body=1" for 127.0.0.1 at 2014-11-24 09:53:15 +0100


Started GET "/assets/jquery.js?body=1" for 127.0.0.1 at 2014-11-24 09:53:15 +0100


Started GET "/assets/jquery_ujs.js?body=1" for 127.0.0.1 at 2014-11-24 09:53:15 +0100


Started GET "/assets/scaffolds.css?body=1" for 127.0.0.1 at 2014-11-24 09:53:15 +0100


Started GET "/assets/turbolinks.js?body=1" for 127.0.0.1 at 2014-11-24 09:53:15 +0100


Started GET "/assets/application.js?body=1" for 127.0.0.1 at 2014-11-24 09:53:15 +0100


Started GET "/dragon_eggs/new" for 127.0.0.1 at 2014-11-24 09:53:18 +0100
Processing by DragonEggsController#new as HTML
  Rendered dragon_eggs/_form.html.erb (75.1ms)
  Rendered dragon_eggs/new.html.erb within layouts/application (82.3ms)
Completed 200 OK in 147ms (Views: 142.2ms | ActiveRecord: 1.0ms)
  [1m[36mActiveRecord::SchemaMigration Load (0.2ms)[0m  [1mSELECT "schema_migrations".* FROM "schema_migrations"[0m
Migrating to CreateArticles (20141124100325)
  [1m[35m (0.1ms)[0m  begin transaction
  [1m[36m (0.6ms)[0m  [1mCREATE TABLE "articles" ("id" INTEGER PRIMARY KEY AUTOINCREMENT NOT NULL, "titre" varchar(255), "corps" text, "created_at" datetime, "updated_at" datetime) [0m
  [1m[35mSQL (0.3ms)[0m  INSERT INTO "schema_migrations" ("version") VALUES (?)  [["version", "20141124100325"]]
  [1m[36m (164.4ms)[0m  [1mcommit transaction[0m
  [1m[35mActiveRecord::SchemaMigration Load (0.3ms)[0m  SELECT "schema_migrations".* FROM "schema_migrations"


Started GET "/" for 127.0.0.1 at 2014-11-24 11:04:08 +0100
  [1m[36mActiveRecord::SchemaMigration Load (0.2ms)[0m  [1mSELECT "schema_migrations".* FROM "schema_migrations"[0m
Processing by Rails::WelcomeController#index as HTML
  Rendered /home/raven/.rbenv/versions/2.0.0-dev/lib/ruby/gems/2.0.0/gems/railties-4.1.6/lib/rails/templates/rails/welcome/index.html.erb (2.4ms)
Completed 200 OK in 28ms (Views: 9.6ms | ActiveRecord: 0.0ms)


Started GET "/articles" for 127.0.0.1 at 2014-11-24 11:04:13 +0100
Processing by ArticlesController#index as HTML
  [1m[35mArticle Load (0.3ms)[0m  SELECT "articles".* FROM "articles"
  Rendered articles/index.html.erb within layouts/application (3.3ms)
Completed 200 OK in 359ms (Views: 352.7ms | ActiveRecord: 0.3ms)


Started GET "/assets/articles.css?body=1" for 127.0.0.1 at 2014-11-24 11:04:13 +0100


Started GET "/assets/articles.js?body=1" for 127.0.0.1 at 2014-11-24 11:04:13 +0100


Started GET "/assets/dragon_eggs.css?body=1" for 127.0.0.1 at 2014-11-24 11:04:13 +0100


Started GET "/assets/scaffolds.css?body=1" for 127.0.0.1 at 2014-11-24 11:04:13 +0100


Started GET "/assets/dragon_eggs.js?body=1" for 127.0.0.1 at 2014-11-24 11:04:13 +0100


Started GET "/assets/application.css?body=1" for 127.0.0.1 at 2014-11-24 11:04:13 +0100


Started GET "/assets/jquery.js?body=1" for 127.0.0.1 at 2014-11-24 11:04:13 +0100


Started GET "/assets/jquery_ujs.js?body=1" for 127.0.0.1 at 2014-11-24 11:04:13 +0100


Started GET "/assets/turbolinks.js?body=1" for 127.0.0.1 at 2014-11-24 11:04:13 +0100


Started GET "/assets/application.js?body=1" for 127.0.0.1 at 2014-11-24 11:04:13 +0100


Started GET "/articles/new" for 127.0.0.1 at 2014-11-24 11:04:17 +0100
Processing by ArticlesController#new as HTML
  Rendered articles/_form.html.erb (50.1ms)
  Rendered articles/new.html.erb within layouts/application (104.3ms)
Completed 200 OK in 179ms (Views: 176.1ms | ActiveRecord: 0.7ms)


Started POST "/articles" for 127.0.0.1 at 2014-11-24 11:04:31 +0100
Processing by ArticlesController#create as HTML
  Parameters: {"utf8"=>"✓", "authenticity_token"=>"+iIiwslVDlUhC3E2Br+59CYptrlFzpx2e8/GC2xBKcU=", "article"=>{"titre"=>"La Maman de Lucas", "corps"=>"TRO BONNE LOL"}, "commit"=>"Create Article"}
  [1m[36m (0.2ms)[0m  [1mbegin transaction[0m
  [1m[35mSQL (0.5ms)[0m  INSERT INTO "articles" ("corps", "created_at", "titre", "updated_at") VALUES (?, ?, ?, ?)  [["corps", "TRO BONNE LOL"], ["created_at", "2014-11-24 10:04:31.412379"], ["titre", "La Maman de Lucas"], ["updated_at", "2014-11-24 10:04:31.412379"]]
  [1m[36m (223.5ms)[0m  [1mcommit transaction[0m
Redirected to http://localhost:3000/articles/1
Completed 302 Found in 301ms (ActiveRecord: 224.3ms)


Started GET "/articles/1" for 127.0.0.1 at 2014-11-24 11:04:31 +0100
Processing by ArticlesController#show as HTML
  Parameters: {"id"=>"1"}
  [1m[35mArticle Load (0.6ms)[0m  SELECT  "articles".* FROM "articles"  WHERE "articles"."id" = ? LIMIT 1  [["id", 1]]
  Rendered articles/show.html.erb within layouts/application (2.2ms)
Completed 200 OK in 98ms (Views: 76.2ms | ActiveRecord: 0.6ms)


Started GET "/assets/dragon_eggs.css?body=1" for 127.0.0.1 at 2014-11-24 11:04:31 +0100


Started GET "/assets/scaffolds.css?body=1" for 127.0.0.1 at 2014-11-24 11:04:31 +0100


Started GET "/assets/application.css?body=1" for 127.0.0.1 at 2014-11-24 11:04:31 +0100


Started GET "/assets/jquery_ujs.js?body=1" for 127.0.0.1 at 2014-11-24 11:04:32 +0100


Started GET "/assets/jquery.js?body=1" for 127.0.0.1 at 2014-11-24 11:04:32 +0100


Started GET "/assets/application.js?body=1" for 127.0.0.1 at 2014-11-24 11:04:32 +0100


Started GET "/assets/turbolinks.js?body=1" for 127.0.0.1 at 2014-11-24 11:04:32 +0100


Started GET "/assets/dragon_eggs.js?body=1" for 127.0.0.1 at 2014-11-24 11:04:32 +0100


Started GET "/assets/articles.css?body=1" for 127.0.0.1 at 2014-11-24 11:04:32 +0100


Started GET "/assets/articles.js?body=1" for 127.0.0.1 at 2014-11-24 11:04:32 +0100


Started GET "/articles" for 127.0.0.1 at 2014-11-24 11:04:35 +0100
Processing by ArticlesController#index as HTML
  [1m[36mArticle Load (0.3ms)[0m  [1mSELECT "articles".* FROM "articles"[0m
  Rendered articles/index.html.erb within layouts/application (4.0ms)
Completed 200 OK in 77ms (Views: 75.2ms | ActiveRecord: 0.3ms)


Started GET "/articles/1/edit" for 127.0.0.1 at 2014-11-24 11:11:31 +0100
Processing by ArticlesController#edit as HTML
  Parameters: {"id"=>"1"}
  [1m[35mArticle Load (0.2ms)[0m  SELECT  "articles".* FROM "articles"  WHERE "articles"."id" = ? LIMIT 1  [["id", 1]]
  Rendered articles/_form.html.erb (3.1ms)
  Rendered articles/edit.html.erb within layouts/application (5.2ms)
Completed 200 OK in 73ms (Views: 71.3ms | ActiveRecord: 0.2ms)


Started PATCH "/articles/1" for 127.0.0.1 at 2014-11-24 11:11:37 +0100
Processing by ArticlesController#update as HTML
  Parameters: {"utf8"=>"✓", "authenticity_token"=>"+iIiwslVDlUhC3E2Br+59CYptrlFzpx2e8/GC2xBKcU=", "article"=>{"titre"=>"La Maman de P800", "corps"=>"TRO BONNE LOL"}, "commit"=>"Update Article", "id"=>"1"}
  [1m[36mArticle Load (0.2ms)[0m  [1mSELECT  "articles".* FROM "articles"  WHERE "articles"."id" = ? LIMIT 1[0m  [["id", 1]]
  [1m[35m (0.5ms)[0m  begin transaction
  [1m[36mSQL (0.5ms)[0m  [1mUPDATE "articles" SET "titre" = ?, "updated_at" = ? WHERE "articles"."id" = 1[0m  [["titre", "La Maman de P800"], ["updated_at", "2014-11-24 10:11:37.087944"]]
  [1m[35m (186.8ms)[0m  commit transaction
Redirected to http://localhost:3000/articles/1
Completed 302 Found in 197ms (ActiveRecord: 188.0ms)


Started GET "/articles/1" for 127.0.0.1 at 2014-11-24 11:11:37 +0100
Processing by ArticlesController#show as HTML
  Parameters: {"id"=>"1"}
  [1m[36mArticle Load (0.2ms)[0m  [1mSELECT  "articles".* FROM "articles"  WHERE "articles"."id" = ? LIMIT 1[0m  [["id", 1]]
  Rendered articles/show.html.erb within layouts/application (0.9ms)
Completed 200 OK in 133ms (Views: 131.2ms | ActiveRecord: 0.2ms)


Started GET "/assets/articles.css?body=1" for 127.0.0.1 at 2014-11-24 11:11:37 +0100


Started GET "/assets/dragon_eggs.css?body=1" for 127.0.0.1 at 2014-11-24 11:11:37 +0100


Started GET "/assets/scaffolds.css?body=1" for 127.0.0.1 at 2014-11-24 11:11:37 +0100


Started GET "/assets/application.css?body=1" for 127.0.0.1 at 2014-11-24 11:11:37 +0100


Started GET "/assets/jquery.js?body=1" for 127.0.0.1 at 2014-11-24 11:11:37 +0100


Started GET "/assets/jquery_ujs.js?body=1" for 127.0.0.1 at 2014-11-24 11:11:37 +0100


Started GET "/assets/turbolinks.js?body=1" for 127.0.0.1 at 2014-11-24 11:11:37 +0100


Started GET "/assets/articles.js?body=1" for 127.0.0.1 at 2014-11-24 11:11:37 +0100


Started GET "/assets/dragon_eggs.js?body=1" for 127.0.0.1 at 2014-11-24 11:11:37 +0100


Started GET "/assets/application.js?body=1" for 127.0.0.1 at 2014-11-24 11:11:37 +0100


Started GET "/" for 127.0.0.1 at 2014-11-24 14:09:15 +0100
  [1m[36mActiveRecord::SchemaMigration Load (0.2ms)[0m  [1mSELECT "schema_migrations".* FROM "schema_migrations"[0m
Processing by Rails::WelcomeController#index as HTML
  Rendered /home/raven/.rbenv/versions/2.0.0-dev/lib/ruby/gems/2.0.0/gems/railties-4.1.6/lib/rails/templates/rails/welcome/index.html.erb (2.4ms)
Completed 200 OK in 59ms (Views: 31.8ms | ActiveRecord: 0.0ms)


Started GET "/articles" for 127.0.0.1 at 2014-11-24 14:09:19 +0100
Processing by ArticlesController#index as HTML
  [1m[35mArticle Load (0.3ms)[0m  SELECT "articles".* FROM "articles"
  Rendered articles/index.html.erb within layouts/application (13.5ms)
Completed 200 OK in 309ms (Views: 303.5ms | ActiveRecord: 0.8ms)


Started GET "/assets/articles.css?body=1" for 127.0.0.1 at 2014-11-24 14:09:19 +0100


Started GET "/assets/application.css?body=1" for 127.0.0.1 at 2014-11-24 14:09:19 +0100


Started GET "/assets/articles.js?body=1" for 127.0.0.1 at 2014-11-24 14:09:19 +0100


Started GET "/assets/dragon_eggs.js?body=1" for 127.0.0.1 at 2014-11-24 14:09:19 +0100


Started GET "/assets/application.js?body=1" for 127.0.0.1 at 2014-11-24 14:09:19 +0100


Started GET "/assets/jquery.js?body=1" for 127.0.0.1 at 2014-11-24 14:09:19 +0100


Started GET "/assets/dragon_eggs.css?body=1" for 127.0.0.1 at 2014-11-24 14:09:19 +0100


Started GET "/assets/jquery_ujs.js?body=1" for 127.0.0.1 at 2014-11-24 14:09:19 +0100


Started GET "/assets/scaffolds.css?body=1" for 127.0.0.1 at 2014-11-24 14:09:19 +0100


Started GET "/assets/turbolinks.js?body=1" for 127.0.0.1 at 2014-11-24 14:09:19 +0100


Started GET "/articles/new" for 127.0.0.1 at 2014-11-24 14:09:21 +0100
Processing by ArticlesController#new as HTML
  Rendered articles/_form.html.erb (58.1ms)
  Rendered articles/new.html.erb within layouts/application (103.4ms)
Completed 200 OK in 257ms (Views: 255.3ms | ActiveRecord: 0.0ms)


Started POST "/articles" for 127.0.0.1 at 2014-11-24 14:09:24 +0100
Processing by ArticlesController#create as HTML
  Parameters: {"utf8"=>"✓", "authenticity_token"=>"+iIiwslVDlUhC3E2Br+59CYptrlFzpx2e8/GC2xBKcU=", "article"=>{"titre"=>"", "corps"=>"osef"}, "commit"=>"Create Article"}
  [1m[36m (0.2ms)[0m  [1mbegin transaction[0m
  [1m[35m (0.1ms)[0m  rollback transaction
Completed 500 Internal Server Error in 3ms

NoMethodError (undefined method `title' for #<Article:0x007f3023a04600>):
  app/controllers/articles_controller.rb:30:in `block in create'
  app/controllers/articles_controller.rb:29:in `create'


  Rendered /home/raven/.rbenv/versions/2.0.0-dev/lib/ruby/gems/2.0.0/gems/actionpack-4.1.6/lib/action_dispatch/middleware/templates/rescues/_source.erb (1.1ms)
  Rendered /home/raven/.rbenv/versions/2.0.0-dev/lib/ruby/gems/2.0.0/gems/actionpack-4.1.6/lib/action_dispatch/middleware/templates/rescues/_trace.html.erb (1.9ms)
  Rendered /home/raven/.rbenv/versions/2.0.0-dev/lib/ruby/gems/2.0.0/gems/actionpack-4.1.6/lib/action_dispatch/middleware/templates/rescues/_request_and_response.html.erb (2.6ms)
  Rendered /home/raven/.rbenv/versions/2.0.0-dev/lib/ruby/gems/2.0.0/gems/actionpack-4.1.6/lib/action_dispatch/middleware/templates/rescues/diagnostics.erb within rescues/layout (28.8ms)


Started GET "/articles/new" for 127.0.0.1 at 2014-11-24 14:10:19 +0100
  [1m[36mActiveRecord::SchemaMigration Load (0.2ms)[0m  [1mSELECT "schema_migrations".* FROM "schema_migrations"[0m
Processing by ArticlesController#new as HTML
  Rendered articles/_form.html.erb (26.5ms)
  Rendered articles/new.html.erb within layouts/application (32.3ms)
Completed 200 OK in 218ms (Views: 197.1ms | ActiveRecord: 0.6ms)


Started GET "/assets/jquery.js?body=1" for 127.0.0.1 at 2014-11-24 14:10:20 +0100


Started GET "/assets/articles.css?body=1" for 127.0.0.1 at 2014-11-24 14:10:20 +0100


Started GET "/assets/dragon_eggs.css?body=1" for 127.0.0.1 at 2014-11-24 14:10:20 +0100


Started GET "/assets/scaffolds.css?body=1" for 127.0.0.1 at 2014-11-24 14:10:20 +0100


Started GET "/assets/articles.js?body=1" for 127.0.0.1 at 2014-11-24 14:10:20 +0100


Started GET "/assets/application.css?body=1" for 127.0.0.1 at 2014-11-24 14:10:20 +0100


Started GET "/assets/jquery_ujs.js?body=1" for 127.0.0.1 at 2014-11-24 14:10:20 +0100


Started GET "/assets/turbolinks.js?body=1" for 127.0.0.1 at 2014-11-24 14:10:20 +0100


Started GET "/assets/dragon_eggs.js?body=1" for 127.0.0.1 at 2014-11-24 14:10:20 +0100


Started GET "/assets/application.js?body=1" for 127.0.0.1 at 2014-11-24 14:10:20 +0100


Started POST "/articles" for 127.0.0.1 at 2014-11-24 14:10:24 +0100
Processing by ArticlesController#create as HTML
  Parameters: {"utf8"=>"✓", "authenticity_token"=>"+iIiwslVDlUhC3E2Br+59CYptrlFzpx2e8/GC2xBKcU=", "article"=>{"titre"=>"", "corps"=>"aziejmoaz"}, "commit"=>"Create Article"}
  [1m[35m (0.2ms)[0m  begin transaction
  [1m[36m (0.1ms)[0m  [1mrollback transaction[0m
  Rendered articles/_form.html.erb (4.7ms)
  Rendered articles/new.html.erb within layouts/application (6.0ms)
Completed 200 OK in 138ms (Views: 132.5ms | ActiveRecord: 0.3ms)


Started GET "/assets/articles.js?body=1" for 127.0.0.1 at 2014-11-24 14:10:24 +0100


Started GET "/assets/dragon_eggs.js?body=1" for 127.0.0.1 at 2014-11-24 14:10:24 +0100


Started GET "/assets/application.js?body=1" for 127.0.0.1 at 2014-11-24 14:10:24 +0100


Started GET "/assets/articles.css?body=1" for 127.0.0.1 at 2014-11-24 14:10:24 +0100


Started GET "/assets/application.css?body=1" for 127.0.0.1 at 2014-11-24 14:10:24 +0100


Started GET "/assets/scaffolds.css?body=1" for 127.0.0.1 at 2014-11-24 14:10:24 +0100


Started GET "/assets/jquery.js?body=1" for 127.0.0.1 at 2014-11-24 14:10:24 +0100


Started GET "/assets/dragon_eggs.css?body=1" for 127.0.0.1 at 2014-11-24 14:10:24 +0100


Started GET "/assets/jquery_ujs.js?body=1" for 127.0.0.1 at 2014-11-24 14:10:24 +0100


Started GET "/assets/turbolinks.js?body=1" for 127.0.0.1 at 2014-11-24 14:10:24 +0100


Started POST "/articles" for 127.0.0.1 at 2014-11-24 14:13:59 +0100
  [1m[36mActiveRecord::SchemaMigration Load (0.2ms)[0m  [1mSELECT "schema_migrations".* FROM "schema_migrations"[0m
Processing by ArticlesController#create as HTML
  Parameters: {"utf8"=>"✓", "authenticity_token"=>"+iIiwslVDlUhC3E2Br+59CYptrlFzpx2e8/GC2xBKcU=", "article"=>{"titre"=>"", "corps"=>"aziejmoaz"}, "commit"=>"Create Article"}
  [1m[35m (0.2ms)[0m  begin transaction
  [1m[36m (0.1ms)[0m  [1mrollback transaction[0m
  Rendered articles/_form.html.erb (15.7ms)
  Rendered articles/new.html.erb within layouts/application (21.2ms)
Completed 200 OK in 223ms (Views: 186.1ms | ActiveRecord: 0.9ms)


Started GET "/assets/articles.js?body=1" for 127.0.0.1 at 2014-11-24 14:14:00 +0100


Started GET "/assets/dragon_eggs.js?body=1" for 127.0.0.1 at 2014-11-24 14:14:00 +0100


Started GET "/assets/articles.css?body=1" for 127.0.0.1 at 2014-11-24 14:14:00 +0100


Started GET "/assets/application.js?body=1" for 127.0.0.1 at 2014-11-24 14:14:00 +0100


Started GET "/assets/scaffolds.css?body=1" for 127.0.0.1 at 2014-11-24 14:14:00 +0100


Started GET "/assets/dragon_eggs.css?body=1" for 127.0.0.1 at 2014-11-24 14:14:00 +0100


Started GET "/assets/jquery.js?body=1" for 127.0.0.1 at 2014-11-24 14:14:00 +0100


Started GET "/assets/application.css?body=1" for 127.0.0.1 at 2014-11-24 14:14:00 +0100


Started GET "/assets/jquery_ujs.js?body=1" for 127.0.0.1 at 2014-11-24 14:14:00 +0100


Started GET "/assets/turbolinks.js?body=1" for 127.0.0.1 at 2014-11-24 14:14:00 +0100


Started POST "/articles" for 127.0.0.1 at 2014-11-24 14:14:06 +0100
Processing by ArticlesController#create as HTML
  Parameters: {"utf8"=>"✓", "authenticity_token"=>"+iIiwslVDlUhC3E2Br+59CYptrlFzpx2e8/GC2xBKcU=", "article"=>{"titre"=>"", "corps"=>"aziejmoaz"}, "commit"=>"Create Article"}
  [1m[35m (0.2ms)[0m  begin transaction
  [1m[36m (0.3ms)[0m  [1mrollback transaction[0m
  Rendered articles/_form.html.erb (5.3ms)
  Rendered articles/new.html.erb within layouts/application (6.8ms)
Completed 200 OK in 136ms (Views: 128.2ms | ActiveRecord: 0.5ms)


Started GET "/assets/jquery_ujs.js?body=1" for 127.0.0.1 at 2014-11-24 14:14:06 +0100


Started GET "/assets/turbolinks.js?body=1" for 127.0.0.1 at 2014-11-24 14:14:06 +0100


Started GET "/assets/articles.js?body=1" for 127.0.0.1 at 2014-11-24 14:14:06 +0100


Started GET "/assets/dragon_eggs.js?body=1" for 127.0.0.1 at 2014-11-24 14:14:06 +0100


Started GET "/assets/application.js?body=1" for 127.0.0.1 at 2014-11-24 14:14:06 +0100


Started GET "/assets/articles.css?body=1" for 127.0.0.1 at 2014-11-24 14:14:06 +0100


Started GET "/assets/dragon_eggs.css?body=1" for 127.0.0.1 at 2014-11-24 14:14:06 +0100


Started GET "/assets/jquery.js?body=1" for 127.0.0.1 at 2014-11-24 14:14:06 +0100


Started GET "/assets/application.css?body=1" for 127.0.0.1 at 2014-11-24 14:14:06 +0100


Started GET "/assets/scaffolds.css?body=1" for 127.0.0.1 at 2014-11-24 14:14:06 +0100


Started POST "/articles" for 127.0.0.1 at 2014-11-24 14:20:41 +0100
Processing by ArticlesController#create as HTML
  Parameters: {"utf8"=>"✓", "authenticity_token"=>"+iIiwslVDlUhC3E2Br+59CYptrlFzpx2e8/GC2xBKcU=", "article"=>{"titre"=>"zrerzerze", "corps"=>"aziejmoaz"}, "commit"=>"Create Article"}
  [1m[35m (0.1ms)[0m  begin transaction
  [1m[36mSQL (0.5ms)[0m  [1mINSERT INTO "articles" ("corps", "created_at", "titre", "updated_at") VALUES (?, ?, ?, ?)[0m  [["corps", "aziejmoaz"], ["created_at", "2014-11-24 13:20:41.596178"], ["titre", "zrerzerze"], ["updated_at", "2014-11-24 13:20:41.596178"]]
  [1m[35m (285.0ms)[0m  commit transaction
Redirected to http://localhost:3000/articles/2
Completed 302 Found in 353ms (ActiveRecord: 285.6ms)


Started GET "/articles/2" for 127.0.0.1 at 2014-11-24 14:20:41 +0100
Processing by ArticlesController#show as HTML
  Parameters: {"id"=>"2"}
  [1m[36mArticle Load (0.3ms)[0m  [1mSELECT  "articles".* FROM "articles"  WHERE "articles"."id" = ? LIMIT 1[0m  [["id", 2]]
  Rendered articles/show.html.erb within layouts/application (1.3ms)
Completed 200 OK in 82ms (Views: 78.8ms | ActiveRecord: 0.3ms)


Started GET "/assets/jquery.js?body=1" for 127.0.0.1 at 2014-11-24 14:20:42 +0100


Started GET "/assets/jquery_ujs.js?body=1" for 127.0.0.1 at 2014-11-24 14:20:42 +0100


Started GET "/assets/turbolinks.js?body=1" for 127.0.0.1 at 2014-11-24 14:20:42 +0100


Started GET "/assets/articles.js?body=1" for 127.0.0.1 at 2014-11-24 14:20:42 +0100


Started GET "/assets/application.js?body=1" for 127.0.0.1 at 2014-11-24 14:20:42 +0100


Started GET "/assets/dragon_eggs.js?body=1" for 127.0.0.1 at 2014-11-24 14:20:42 +0100


Started GET "/assets/articles.css?body=1" for 127.0.0.1 at 2014-11-24 14:20:42 +0100


Started GET "/assets/dragon_eggs.css?body=1" for 127.0.0.1 at 2014-11-24 14:20:42 +0100


Started GET "/assets/scaffolds.css?body=1" for 127.0.0.1 at 2014-11-24 14:20:42 +0100


Started GET "/assets/application.css?body=1" for 127.0.0.1 at 2014-11-24 14:20:42 +0100


Started GET "/articles" for 127.0.0.1 at 2014-11-24 14:20:45 +0100
Processing by ArticlesController#index as HTML
  [1m[35mArticle Load (0.3ms)[0m  SELECT "articles".* FROM "articles"
  Rendered articles/index.html.erb within layouts/application (3.6ms)
Completed 200 OK in 127ms (Views: 126.0ms | ActiveRecord: 0.3ms)


Started GET "/articles" for 127.0.0.1 at 2014-11-24 14:21:15 +0100
Processing by ArticlesController#index as HTML
  [1m[36mArticle Load (0.3ms)[0m  [1mSELECT "articles".* FROM "articles"[0m
  Rendered articles/index.html.erb within layouts/application (3.4ms)
Completed 200 OK in 81ms (Views: 80.0ms | ActiveRecord: 0.3ms)


Started GET "/assets/articles.css?body=1" for 127.0.0.1 at 2014-11-24 14:21:15 +0100


Started GET "/assets/dragon_eggs.css?body=1" for 127.0.0.1 at 2014-11-24 14:21:15 +0100


Started GET "/assets/scaffolds.css?body=1" for 127.0.0.1 at 2014-11-24 14:21:15 +0100


Started GET "/assets/application.css?body=1" for 127.0.0.1 at 2014-11-24 14:21:15 +0100


Started GET "/assets/jquery.js?body=1" for 127.0.0.1 at 2014-11-24 14:21:15 +0100


Started GET "/assets/jquery_ujs.js?body=1" for 127.0.0.1 at 2014-11-24 14:21:15 +0100


Started GET "/assets/turbolinks.js?body=1" for 127.0.0.1 at 2014-11-24 14:21:15 +0100


Started GET "/assets/articles.js?body=1" for 127.0.0.1 at 2014-11-24 14:21:15 +0100


Started GET "/assets/application.js?body=1" for 127.0.0.1 at 2014-11-24 14:21:15 +0100


Started GET "/assets/dragon_eggs.js?body=1" for 127.0.0.1 at 2014-11-24 14:21:15 +0100


Started GET "/articles" for 127.0.0.1 at 2014-11-24 14:24:46 +0100
  [1m[36mActiveRecord::SchemaMigration Load (0.2ms)[0m  [1mSELECT "schema_migrations".* FROM "schema_migrations"[0m
Processing by ArticlesController#index as HTML
Completed 500 Internal Server Error in 19ms

ArgumentError (You need to supply at least one validation):
  app/models/article.rb:2:in `<class:Article>'
  app/models/article.rb:1:in `<top (required)>'
  app/controllers/articles_controller.rb:7:in `index'


  Rendered /home/raven/.rbenv/versions/2.0.0-dev/lib/ruby/gems/2.0.0/gems/actionpack-4.1.6/lib/action_dispatch/middleware/templates/rescues/_source.erb (1.8ms)
  Rendered /home/raven/.rbenv/versions/2.0.0-dev/lib/ruby/gems/2.0.0/gems/actionpack-4.1.6/lib/action_dispatch/middleware/templates/rescues/_trace.html.erb (2.1ms)
  Rendered /home/raven/.rbenv/versions/2.0.0-dev/lib/ruby/gems/2.0.0/gems/actionpack-4.1.6/lib/action_dispatch/middleware/templates/rescues/_request_and_response.html.erb (1.6ms)
  Rendered /home/raven/.rbenv/versions/2.0.0-dev/lib/ruby/gems/2.0.0/gems/actionpack-4.1.6/lib/action_dispatch/middleware/templates/rescues/diagnostics.erb within rescues/layout (27.9ms)


Started GET "/articles" for 127.0.0.1 at 2014-11-24 14:25:37 +0100
  [1m[36mActiveRecord::SchemaMigration Load (0.2ms)[0m  [1mSELECT "schema_migrations".* FROM "schema_migrations"[0m
Processing by ArticlesController#index as HTML
Completed 500 Internal Server Error in 18ms

SyntaxError (/home/raven/Documents/web/cousi-baudvin/app/models/article.rb:5: syntax error, unexpected ',', expecting keyword_end):
  app/models/article.rb:5: syntax error, unexpected ',', expecting keyword_end
  app/controllers/articles_controller.rb:7:in `index'


  Rendered /home/raven/.rbenv/versions/2.0.0-dev/lib/ruby/gems/2.0.0/gems/actionpack-4.1.6/lib/action_dispatch/middleware/templates/rescues/_source.erb (1.1ms)
  Rendered /home/raven/.rbenv/versions/2.0.0-dev/lib/ruby/gems/2.0.0/gems/actionpack-4.1.6/lib/action_dispatch/middleware/templates/rescues/_trace.html.erb (2.8ms)
  Rendered /home/raven/.rbenv/versions/2.0.0-dev/lib/ruby/gems/2.0.0/gems/actionpack-4.1.6/lib/action_dispatch/middleware/templates/rescues/_request_and_response.html.erb (1.6ms)
  Rendered /home/raven/.rbenv/versions/2.0.0-dev/lib/ruby/gems/2.0.0/gems/actionpack-4.1.6/lib/action_dispatch/middleware/templates/rescues/diagnostics.erb within rescues/layout (27.3ms)


Started GET "/articles" for 127.0.0.1 at 2014-11-24 14:26:05 +0100
  [1m[36mActiveRecord::SchemaMigration Load (0.2ms)[0m  [1mSELECT "schema_migrations".* FROM "schema_migrations"[0m
Processing by ArticlesController#index as HTML
Completed 500 Internal Server Error in 17ms

SyntaxError (/home/raven/Documents/web/cousi-baudvin/app/models/article.rb:5: syntax error, unexpected ',', expecting keyword_end):
  app/models/article.rb:5: syntax error, unexpected ',', expecting keyword_end
  app/controllers/articles_controller.rb:7:in `index'


  Rendered /home/raven/.rbenv/versions/2.0.0-dev/lib/ruby/gems/2.0.0/gems/actionpack-4.1.6/lib/action_dispatch/middleware/templates/rescues/_source.erb (1.1ms)
  Rendered /home/raven/.rbenv/versions/2.0.0-dev/lib/ruby/gems/2.0.0/gems/actionpack-4.1.6/lib/action_dispatch/middleware/templates/rescues/_trace.html.erb (1.9ms)
  Rendered /home/raven/.rbenv/versions/2.0.0-dev/lib/ruby/gems/2.0.0/gems/actionpack-4.1.6/lib/action_dispatch/middleware/templates/rescues/_request_and_response.html.erb (1.6ms)
  Rendered /home/raven/.rbenv/versions/2.0.0-dev/lib/ruby/gems/2.0.0/gems/actionpack-4.1.6/lib/action_dispatch/middleware/templates/rescues/diagnostics.erb within rescues/layout (25.6ms)


Started GET "/articles" for 127.0.0.1 at 2014-11-24 14:27:38 +0100
  [1m[36mActiveRecord::SchemaMigration Load (0.2ms)[0m  [1mSELECT "schema_migrations".* FROM "schema_migrations"[0m
Processing by ArticlesController#index as HTML
Completed 500 Internal Server Error in 19ms

SyntaxError (/home/raven/Documents/web/cousi-baudvin/app/models/article.rb:5: syntax error, unexpected ',', expecting keyword_end):
  app/models/article.rb:5: syntax error, unexpected ',', expecting keyword_end
  app/controllers/articles_controller.rb:7:in `index'


  Rendered /home/raven/.rbenv/versions/2.0.0-dev/lib/ruby/gems/2.0.0/gems/actionpack-4.1.6/lib/action_dispatch/middleware/templates/rescues/_source.erb (1.2ms)
  Rendered /home/raven/.rbenv/versions/2.0.0-dev/lib/ruby/gems/2.0.0/gems/actionpack-4.1.6/lib/action_dispatch/middleware/templates/rescues/_trace.html.erb (3.2ms)
  Rendered /home/raven/.rbenv/versions/2.0.0-dev/lib/ruby/gems/2.0.0/gems/actionpack-4.1.6/lib/action_dispatch/middleware/templates/rescues/_request_and_response.html.erb (1.5ms)
  Rendered /home/raven/.rbenv/versions/2.0.0-dev/lib/ruby/gems/2.0.0/gems/actionpack-4.1.6/lib/action_dispatch/middleware/templates/rescues/diagnostics.erb within rescues/layout (27.9ms)


Started GET "/articles" for 127.0.0.1 at 2014-11-24 14:35:14 +0100
  [1m[36mActiveRecord::SchemaMigration Load (0.2ms)[0m  [1mSELECT "schema_migrations".* FROM "schema_migrations"[0m
Processing by ArticlesController#index as HTML
  [1m[35mArticle Load (0.4ms)[0m  SELECT "articles".* FROM "articles"
  Rendered articles/index.html.erb within layouts/application (13.4ms)
Completed 200 OK in 196ms (Views: 177.0ms | ActiveRecord: 1.0ms)


Started GET "/assets/articles.css?body=1" for 127.0.0.1 at 2014-11-24 14:35:14 +0100


Started GET "/assets/dragon_eggs.css?body=1" for 127.0.0.1 at 2014-11-24 14:35:14 +0100


Started GET "/assets/application.css?body=1" for 127.0.0.1 at 2014-11-24 14:35:14 +0100


Started GET "/assets/scaffolds.css?body=1" for 127.0.0.1 at 2014-11-24 14:35:14 +0100


Started GET "/assets/jquery_ujs.js?body=1" for 127.0.0.1 at 2014-11-24 14:35:14 +0100


Started GET "/assets/turbolinks.js?body=1" for 127.0.0.1 at 2014-11-24 14:35:14 +0100


Started GET "/assets/dragon_eggs.js?body=1" for 127.0.0.1 at 2014-11-24 14:35:14 +0100


Started GET "/assets/articles.js?body=1" for 127.0.0.1 at 2014-11-24 14:35:14 +0100


Started GET "/assets/application.js?body=1" for 127.0.0.1 at 2014-11-24 14:35:14 +0100


Started GET "/assets/jquery.js?body=1" for 127.0.0.1 at 2014-11-24 14:35:14 +0100


Started GET "/articles/new" for 127.0.0.1 at 2014-11-24 14:35:16 +0100
Processing by ArticlesController#new as HTML
  Rendered articles/_form.html.erb (21.0ms)
  Rendered articles/new.html.erb within layouts/application (26.7ms)
Completed 200 OK in 105ms (Views: 102.6ms | ActiveRecord: 0.0ms)


Started POST "/articles" for 127.0.0.1 at 2014-11-24 14:35:18 +0100
Processing by ArticlesController#create as HTML
  Parameters: {"utf8"=>"✓", "authenticity_token"=>"+iIiwslVDlUhC3E2Br+59CYptrlFzpx2e8/GC2xBKcU=", "article"=>{"titre"=>"", "corps"=>"ezeazeaz"}, "commit"=>"Create Article"}
  [1m[36m (0.2ms)[0m  [1mbegin transaction[0m
  [1m[35m (0.1ms)[0m  rollback transaction
  Rendered articles/_form.html.erb (7.4ms)
  Rendered articles/new.html.erb within layouts/application (9.9ms)
Completed 200 OK in 88ms (Views: 84.2ms | ActiveRecord: 0.3ms)


Started GET "/assets/jquery.js?body=1" for 127.0.0.1 at 2014-11-24 14:35:19 +0100


Started GET "/assets/articles.js?body=1" for 127.0.0.1 at 2014-11-24 14:35:19 +0100


Started GET "/assets/dragon_eggs.js?body=1" for 127.0.0.1 at 2014-11-24 14:35:19 +0100


Started GET "/assets/application.js?body=1" for 127.0.0.1 at 2014-11-24 14:35:19 +0100


Started GET "/assets/articles.css?body=1" for 127.0.0.1 at 2014-11-24 14:35:19 +0100


Started GET "/assets/application.css?body=1" for 127.0.0.1 at 2014-11-24 14:35:19 +0100


Started GET "/assets/dragon_eggs.css?body=1" for 127.0.0.1 at 2014-11-24 14:35:19 +0100


Started GET "/assets/scaffolds.css?body=1" for 127.0.0.1 at 2014-11-24 14:35:19 +0100


Started GET "/assets/turbolinks.js?body=1" for 127.0.0.1 at 2014-11-24 14:35:19 +0100


Started GET "/assets/jquery_ujs.js?body=1" for 127.0.0.1 at 2014-11-24 14:35:19 +0100


Started POST "/articles" for 127.0.0.1 at 2014-11-24 14:36:47 +0100
  [1m[36mActiveRecord::SchemaMigration Load (0.2ms)[0m  [1mSELECT "schema_migrations".* FROM "schema_migrations"[0m
Processing by ArticlesController#create as HTML
  Parameters: {"utf8"=>"✓", "authenticity_token"=>"+iIiwslVDlUhC3E2Br+59CYptrlFzpx2e8/GC2xBKcU=", "article"=>{"titre"=>"", "corps"=>"ezeazeaz"}, "commit"=>"Create Article"}
  [1m[35m (0.2ms)[0m  begin transaction
  [1m[36m (0.2ms)[0m  [1mrollback transaction[0m
  Rendered articles/_form.html.erb (21.1ms)
  Rendered articles/new.html.erb within layouts/application (26.8ms)
Completed 200 OK in 222ms (Views: 192.0ms | ActiveRecord: 0.9ms)


Started GET "/assets/articles.css?body=1" for 127.0.0.1 at 2014-11-24 14:36:47 +0100


Started GET "/assets/dragon_eggs.css?body=1" for 127.0.0.1 at 2014-11-24 14:36:47 +0100


Started GET "/assets/articles.js?body=1" for 127.0.0.1 at 2014-11-24 14:36:47 +0100


Started GET "/assets/scaffolds.css?body=1" for 127.0.0.1 at 2014-11-24 14:36:47 +0100


Started GET "/assets/application.css?body=1" for 127.0.0.1 at 2014-11-24 14:36:47 +0100


Started GET "/assets/jquery_ujs.js?body=1" for 127.0.0.1 at 2014-11-24 14:36:47 +0100


Started GET "/assets/turbolinks.js?body=1" for 127.0.0.1 at 2014-11-24 14:36:47 +0100


Started GET "/assets/dragon_eggs.js?body=1" for 127.0.0.1 at 2014-11-24 14:36:47 +0100


Started GET "/assets/application.js?body=1" for 127.0.0.1 at 2014-11-24 14:36:47 +0100


Started GET "/assets/jquery.js?body=1" for 127.0.0.1 at 2014-11-24 14:36:47 +0100
  [1m[36mActiveRecord::SchemaMigration Load (0.2ms)[0m  [1mSELECT "schema_migrations".* FROM "schema_migrations"[0m
Migrating to CreateComment (20141124141948)
  [1m[35m (0.1ms)[0m  begin transaction
  [1m[36m (0.6ms)[0m  [1mCREATE TABLE "comments" ("id" INTEGER PRIMARY KEY AUTOINCREMENT NOT NULL, "comment" varchar(255), "article_id" integer) [0m
  [1m[35m (0.1ms)[0m  select sqlite_version(*)
  [1m[36m (0.3ms)[0m  [1mCREATE  INDEX "index_comments_on_article_id" ON "comments" ("article_id")[0m
  [1m[35mSQL (0.3ms)[0m  INSERT INTO "schema_migrations" ("version") VALUES (?)  [["version", "20141124141948"]]
  [1m[36m (190.1ms)[0m  [1mcommit transaction[0m
  [1m[35mActiveRecord::SchemaMigration Load (0.2ms)[0m  SELECT "schema_migrations".* FROM "schema_migrations"
  [1m[36m (0.2ms)[0m  [1m            SELECT sql
            FROM sqlite_master
            WHERE name='index_comments_on_article_id' AND type='index'
            UNION ALL
            SELECT sql
            FROM sqlite_temp_master
            WHERE name='index_comments_on_article_id' AND type='index'
[0m


Started GET "/articles" for 127.0.0.1 at 2014-11-24 15:23:17 +0100
  [1m[36mActiveRecord::SchemaMigration Load (0.2ms)[0m  [1mSELECT "schema_migrations".* FROM "schema_migrations"[0m
Processing by ArticlesController#index as HTML
  [1m[35mArticle Load (0.3ms)[0m  SELECT "articles".* FROM "articles"
  Rendered articles/index.html.erb within layouts/application (18.2ms)
Completed 200 OK in 248ms (Views: 185.0ms | ActiveRecord: 0.8ms)


Started GET "/assets/articles.css?body=1" for 127.0.0.1 at 2014-11-24 15:23:18 +0100


Started GET "/assets/dragon_eggs.css?body=1" for 127.0.0.1 at 2014-11-24 15:23:18 +0100


Started GET "/assets/scaffolds.css?body=1" for 127.0.0.1 at 2014-11-24 15:23:18 +0100


Started GET "/assets/application.css?body=1" for 127.0.0.1 at 2014-11-24 15:23:18 +0100


Started GET "/assets/turbolinks.js?body=1" for 127.0.0.1 at 2014-11-24 15:23:18 +0100


Started GET "/assets/jquery.js?body=1" for 127.0.0.1 at 2014-11-24 15:23:18 +0100


Started GET "/assets/jquery_ujs.js?body=1" for 127.0.0.1 at 2014-11-24 15:23:18 +0100


Started GET "/assets/articles.js?body=1" for 127.0.0.1 at 2014-11-24 15:23:18 +0100


Started GET "/assets/dragon_eggs.js?body=1" for 127.0.0.1 at 2014-11-24 15:23:18 +0100


Started GET "/assets/application.js?body=1" for 127.0.0.1 at 2014-11-24 15:23:18 +0100


Started GET "/articles/1" for 127.0.0.1 at 2014-11-24 15:23:20 +0100
Processing by ArticlesController#show as HTML
  Parameters: {"id"=>"1"}
  [1m[36mArticle Load (0.6ms)[0m  [1mSELECT  "articles".* FROM "articles"  WHERE "articles"."id" = ? LIMIT 1[0m  [["id", 1]]
  Rendered articles/show.html.erb within layouts/application (5.7ms)
Completed 500 Internal Server Error in 16ms

ActionView::Template::Error (undefined method `comment' for nil:NilClass):
    12: 
    13: <p>
    14:   <strong>Comments:</strong>
    15:   <%= @comment.comment %>
    16: </p>
    17: 
    18: <%= link_to 'Edit', edit_article_path(@article) %> |
  app/views/articles/show.html.erb:15:in `_app_views_articles_show_html_erb__709760447809860632_69908703052440'


  Rendered /home/raven/.rbenv/versions/2.0.0-dev/lib/ruby/gems/2.0.0/gems/actionpack-4.1.6/lib/action_dispatch/middleware/templates/rescues/_trace.html.erb (2.0ms)
  Rendered /home/raven/.rbenv/versions/2.0.0-dev/lib/ruby/gems/2.0.0/gems/actionpack-4.1.6/lib/action_dispatch/middleware/templates/rescues/_request_and_response.html.erb (1.6ms)
  Rendered /home/raven/.rbenv/versions/2.0.0-dev/lib/ruby/gems/2.0.0/gems/actionpack-4.1.6/lib/action_dispatch/middleware/templates/rescues/template_error.html.erb within rescues/layout (18.0ms)


Started GET "/articles/1" for 127.0.0.1 at 2014-11-24 15:23:20 +0100
Processing by ArticlesController#show as HTML
  Parameters: {"id"=>"1"}
  [1m[35mArticle Load (0.3ms)[0m  SELECT  "articles".* FROM "articles"  WHERE "articles"."id" = ? LIMIT 1  [["id", 1]]
  Rendered articles/show.html.erb within layouts/application (3.0ms)
Completed 500 Internal Server Error in 10ms

ActionView::Template::Error (undefined method `comment' for nil:NilClass):
    12: 
    13: <p>
    14:   <strong>Comments:</strong>
    15:   <%= @comment.comment %>
    16: </p>
    17: 
    18: <%= link_to 'Edit', edit_article_path(@article) %> |
  app/views/articles/show.html.erb:15:in `_app_views_articles_show_html_erb__709760447809860632_69908703883780'


  Rendered /home/raven/.rbenv/versions/2.0.0-dev/lib/ruby/gems/2.0.0/gems/actionpack-4.1.6/lib/action_dispatch/middleware/templates/rescues/_trace.html.erb (2.2ms)
  Rendered /home/raven/.rbenv/versions/2.0.0-dev/lib/ruby/gems/2.0.0/gems/actionpack-4.1.6/lib/action_dispatch/middleware/templates/rescues/_request_and_response.html.erb (1.5ms)
  Rendered /home/raven/.rbenv/versions/2.0.0-dev/lib/ruby/gems/2.0.0/gems/actionpack-4.1.6/lib/action_dispatch/middleware/templates/rescues/template_error.html.erb within rescues/layout (18.7ms)


Started GET "/articles/1" for 127.0.0.1 at 2014-11-24 15:23:42 +0100
  [1m[36mActiveRecord::SchemaMigration Load (0.2ms)[0m  [1mSELECT "schema_migrations".* FROM "schema_migrations"[0m
Processing by ArticlesController#show as HTML
  Parameters: {"id"=>"1"}
  [1m[35mArticle Load (0.4ms)[0m  SELECT  "articles".* FROM "articles"  WHERE "articles"."id" = ? LIMIT 1  [["id", 1]]
  Rendered articles/show.html.erb within layouts/application (4.7ms)
Completed 500 Internal Server Error in 46ms

ActionView::Template::Error (undefined method `comment' for nil:NilClass):
    12: 
    13: <p>
    14:   <strong>Comments:</strong>
    15:   <%= @comments.comment %>
    16: </p>
    17: 
    18: <%= link_to 'Edit', edit_article_path(@article) %> |
  app/views/articles/show.html.erb:15:in `_app_views_articles_show_html_erb___3879899072112856723_70047848974860'


  Rendered /home/raven/.rbenv/versions/2.0.0-dev/lib/ruby/gems/2.0.0/gems/actionpack-4.1.6/lib/action_dispatch/middleware/templates/rescues/_trace.html.erb (2.1ms)
  Rendered /home/raven/.rbenv/versions/2.0.0-dev/lib/ruby/gems/2.0.0/gems/actionpack-4.1.6/lib/action_dispatch/middleware/templates/rescues/_request_and_response.html.erb (1.7ms)
  Rendered /home/raven/.rbenv/versions/2.0.0-dev/lib/ruby/gems/2.0.0/gems/actionpack-4.1.6/lib/action_dispatch/middleware/templates/rescues/template_error.html.erb within rescues/layout (18.4ms)


Started GET "/articles/1" for 127.0.0.1 at 2014-11-24 15:24:20 +0100
  [1m[36mActiveRecord::SchemaMigration Load (0.2ms)[0m  [1mSELECT "schema_migrations".* FROM "schema_migrations"[0m
Processing by ArticlesController#show as HTML
  Parameters: {"id"=>"1"}
  [1m[35mArticle Load (0.3ms)[0m  SELECT  "articles".* FROM "articles"  WHERE "articles"."id" = ? LIMIT 1  [["id", 1]]
  Rendered articles/show.html.erb within layouts/application (4.9ms)
Completed 500 Internal Server Error in 46ms

ActionView::Template::Error (undefined method `comment' for nil:NilClass):
    12: 
    13: <p>
    14:   <strong>Comments:</strong>
    15:   <%= @Comment.comment %>
    16: </p>
    17: 
    18: <%= link_to 'Edit', edit_article_path(@article) %> |
  app/views/articles/show.html.erb:15:in `_app_views_articles_show_html_erb__2327922257439964512_70192684001600'


  Rendered /home/raven/.rbenv/versions/2.0.0-dev/lib/ruby/gems/2.0.0/gems/actionpack-4.1.6/lib/action_dispatch/middleware/templates/rescues/_trace.html.erb (2.0ms)
  Rendered /home/raven/.rbenv/versions/2.0.0-dev/lib/ruby/gems/2.0.0/gems/actionpack-4.1.6/lib/action_dispatch/middleware/templates/rescues/_request_and_response.html.erb (1.6ms)
  Rendered /home/raven/.rbenv/versions/2.0.0-dev/lib/ruby/gems/2.0.0/gems/actionpack-4.1.6/lib/action_dispatch/middleware/templates/rescues/template_error.html.erb within rescues/layout (17.9ms)


Started GET "/articles/1" for 127.0.0.1 at 2014-11-24 15:24:47 +0100
Processing by ArticlesController#show as HTML
  Parameters: {"id"=>"1"}
  [1m[36mArticle Load (0.2ms)[0m  [1mSELECT  "articles".* FROM "articles"  WHERE "articles"."id" = ? LIMIT 1[0m  [["id", 1]]
  Rendered articles/show.html.erb within layouts/application (69.3ms)
Completed 200 OK in 234ms (Views: 231.0ms | ActiveRecord: 0.4ms)


Started GET "/assets/dragon_eggs.css?body=1" for 127.0.0.1 at 2014-11-24 15:24:47 +0100


Started GET "/assets/jquery.js?body=1" for 127.0.0.1 at 2014-11-24 15:24:47 +0100


Started GET "/assets/scaffolds.css?body=1" for 127.0.0.1 at 2014-11-24 15:24:47 +0100


Started GET "/assets/application.css?body=1" for 127.0.0.1 at 2014-11-24 15:24:47 +0100


Started GET "/assets/dragon_eggs.js?body=1" for 127.0.0.1 at 2014-11-24 15:24:47 +0100


Started GET "/assets/jquery_ujs.js?body=1" for 127.0.0.1 at 2014-11-24 15:24:47 +0100


Started GET "/assets/turbolinks.js?body=1" for 127.0.0.1 at 2014-11-24 15:24:47 +0100


Started GET "/assets/articles.js?body=1" for 127.0.0.1 at 2014-11-24 15:24:47 +0100


Started GET "/assets/application.js?body=1" for 127.0.0.1 at 2014-11-24 15:24:47 +0100


Started GET "/assets/articles.css?body=1" for 127.0.0.1 at 2014-11-24 15:24:47 +0100


Started GET "/articles" for 127.0.0.1 at 2014-11-24 15:26:05 +0100
Processing by ArticlesController#index as HTML
  [1m[35mArticle Load (0.4ms)[0m  SELECT "articles".* FROM "articles"
  Rendered articles/index.html.erb within layouts/application (7.0ms)
Completed 200 OK in 139ms (Views: 136.7ms | ActiveRecord: 0.4ms)


Started GET "/articles" for 127.0.0.1 at 2014-11-24 15:27:57 +0100
Processing by ArticlesController#index as HTML
  [1m[36mArticle Load (0.4ms)[0m  [1mSELECT "articles".* FROM "articles"[0m
  Rendered articles/index.html.erb within layouts/application (3.7ms)
Completed 200 OK in 84ms (Views: 82.4ms | ActiveRecord: 0.4ms)


Started GET "/assets/articles.css?body=1" for 127.0.0.1 at 2014-11-24 15:27:57 +0100


Started GET "/assets/dragon_eggs.css?body=1" for 127.0.0.1 at 2014-11-24 15:27:57 +0100


Started GET "/assets/scaffolds.css?body=1" for 127.0.0.1 at 2014-11-24 15:27:57 +0100


Started GET "/assets/application.css?body=1" for 127.0.0.1 at 2014-11-24 15:27:57 +0100


Started GET "/assets/turbolinks.js?body=1" for 127.0.0.1 at 2014-11-24 15:27:57 +0100


Started GET "/assets/jquery_ujs.js?body=1" for 127.0.0.1 at 2014-11-24 15:27:57 +0100


Started GET "/assets/jquery.js?body=1" for 127.0.0.1 at 2014-11-24 15:27:57 +0100


Started GET "/assets/dragon_eggs.js?body=1" for 127.0.0.1 at 2014-11-24 15:27:57 +0100


Started GET "/assets/articles.js?body=1" for 127.0.0.1 at 2014-11-24 15:27:57 +0100


Started GET "/assets/application.js?body=1" for 127.0.0.1 at 2014-11-24 15:27:57 +0100


Started GET "/articles" for 127.0.0.1 at 2014-11-24 15:28:14 +0100
  [1m[36mActiveRecord::SchemaMigration Load (0.2ms)[0m  [1mSELECT "schema_migrations".* FROM "schema_migrations"[0m
Processing by ArticlesController#index as HTML
  [1m[35mArticle Load (0.3ms)[0m  SELECT "articles".* FROM "articles"
  Rendered articles/index.html.erb within layouts/application (13.3ms)
Completed 200 OK in 206ms (Views: 182.1ms | ActiveRecord: 0.8ms)


Started GET "/assets/articles.css?body=1" for 127.0.0.1 at 2014-11-24 15:28:14 +0100


Started GET "/assets/dragon_eggs.css?body=1" for 127.0.0.1 at 2014-11-24 15:28:14 +0100


Started GET "/assets/scaffolds.css?body=1" for 127.0.0.1 at 2014-11-24 15:28:14 +0100


Started GET "/assets/application.css?body=1" for 127.0.0.1 at 2014-11-24 15:28:14 +0100


Started GET "/assets/jquery.js?body=1" for 127.0.0.1 at 2014-11-24 15:28:14 +0100


Started GET "/assets/articles.js?body=1" for 127.0.0.1 at 2014-11-24 15:28:14 +0100


Started GET "/assets/jquery_ujs.js?body=1" for 127.0.0.1 at 2014-11-24 15:28:14 +0100


Started GET "/assets/turbolinks.js?body=1" for 127.0.0.1 at 2014-11-24 15:28:14 +0100


Started GET "/assets/dragon_eggs.js?body=1" for 127.0.0.1 at 2014-11-24 15:28:14 +0100


Started GET "/assets/application.js?body=1" for 127.0.0.1 at 2014-11-24 15:28:14 +0100


Started GET "/articles/1" for 127.0.0.1 at 2014-11-24 15:28:16 +0100
Processing by ArticlesController#show as HTML
  Parameters: {"id"=>"1"}
  [1m[36mArticle Load (0.4ms)[0m  [1mSELECT  "articles".* FROM "articles"  WHERE "articles"."id" = ? LIMIT 1[0m  [["id", 1]]
  Rendered articles/show.html.erb within layouts/application (23.3ms)
Completed 200 OK in 151ms (Views: 147.0ms | ActiveRecord: 0.6ms)


Started GET "/articles/1" for 127.0.0.1 at 2014-11-24 15:30:48 +0100
Processing by ArticlesController#show as HTML
  Parameters: {"id"=>"1"}
  [1m[35mArticle Load (0.2ms)[0m  SELECT  "articles".* FROM "articles"  WHERE "articles"."id" = ? LIMIT 1  [["id", 1]]
  Rendered articles/show.html.erb within layouts/application (1.1ms)
Completed 200 OK in 74ms (Views: 71.3ms | ActiveRecord: 0.2ms)


Started GET "/articles/1" for 127.0.0.1 at 2014-11-24 15:31:35 +0100
Processing by ArticlesController#show as HTML
  Parameters: {"id"=>"1"}
  [1m[36mArticle Load (0.2ms)[0m  [1mSELECT  "articles".* FROM "articles"  WHERE "articles"."id" = ? LIMIT 1[0m  [["id", 1]]
  Rendered articles/show.html.erb within layouts/application (3.7ms)
Completed 200 OK in 84ms (Views: 81.7ms | ActiveRecord: 0.2ms)


Started GET "/assets/articles.css?body=1" for 127.0.0.1 at 2014-11-24 15:31:35 +0100


Started GET "/assets/dragon_eggs.css?body=1" for 127.0.0.1 at 2014-11-24 15:31:35 +0100


Started GET "/assets/scaffolds.css?body=1" for 127.0.0.1 at 2014-11-24 15:31:35 +0100


Started GET "/assets/application.css?body=1" for 127.0.0.1 at 2014-11-24 15:31:35 +0100


Started GET "/assets/jquery.js?body=1" for 127.0.0.1 at 2014-11-24 15:31:35 +0100


Started GET "/assets/jquery_ujs.js?body=1" for 127.0.0.1 at 2014-11-24 15:31:35 +0100


Started GET "/assets/articles.js?body=1" for 127.0.0.1 at 2014-11-24 15:31:35 +0100


Started GET "/assets/dragon_eggs.js?body=1" for 127.0.0.1 at 2014-11-24 15:31:35 +0100


Started GET "/assets/turbolinks.js?body=1" for 127.0.0.1 at 2014-11-24 15:31:35 +0100


Started GET "/assets/application.js?body=1" for 127.0.0.1 at 2014-11-24 15:31:35 +0100


Started GET "/articles/1" for 127.0.0.1 at 2014-11-24 15:31:37 +0100
Processing by ArticlesController#show as HTML
  Parameters: {"id"=>"1"}
  [1m[35mArticle Load (0.3ms)[0m  SELECT  "articles".* FROM "articles"  WHERE "articles"."id" = ? LIMIT 1  [["id", 1]]
  Rendered articles/show.html.erb within layouts/application (1.8ms)
Completed 200 OK in 144ms (Views: 140.6ms | ActiveRecord: 0.3ms)


Started GET "/assets/articles.css?body=1" for 127.0.0.1 at 2014-11-24 15:31:37 +0100


Started GET "/assets/dragon_eggs.css?body=1" for 127.0.0.1 at 2014-11-24 15:31:37 +0100


Started GET "/assets/scaffolds.css?body=1" for 127.0.0.1 at 2014-11-24 15:31:37 +0100


Started GET "/assets/application.css?body=1" for 127.0.0.1 at 2014-11-24 15:31:37 +0100


Started GET "/assets/jquery.js?body=1" for 127.0.0.1 at 2014-11-24 15:31:37 +0100


Started GET "/assets/jquery_ujs.js?body=1" for 127.0.0.1 at 2014-11-24 15:31:37 +0100


Started GET "/assets/turbolinks.js?body=1" for 127.0.0.1 at 2014-11-24 15:31:37 +0100


Started GET "/assets/articles.js?body=1" for 127.0.0.1 at 2014-11-24 15:31:38 +0100


Started GET "/assets/dragon_eggs.js?body=1" for 127.0.0.1 at 2014-11-24 15:31:38 +0100


Started GET "/assets/application.js?body=1" for 127.0.0.1 at 2014-11-24 15:31:38 +0100


Started GET "/articles/1" for 127.0.0.1 at 2014-11-24 15:31:41 +0100
Processing by ArticlesController#show as HTML
  Parameters: {"id"=>"1"}
  [1m[36mArticle Load (0.3ms)[0m  [1mSELECT  "articles".* FROM "articles"  WHERE "articles"."id" = ? LIMIT 1[0m  [["id", 1]]
  Rendered articles/show.html.erb within layouts/application (2.2ms)
Completed 200 OK in 82ms (Views: 78.3ms | ActiveRecord: 0.3ms)


Started GET "/assets/articles.css?body=1" for 127.0.0.1 at 2014-11-24 15:31:41 +0100


Started GET "/assets/dragon_eggs.css?body=1" for 127.0.0.1 at 2014-11-24 15:31:41 +0100


Started GET "/assets/scaffolds.css?body=1" for 127.0.0.1 at 2014-11-24 15:31:41 +0100


Started GET "/assets/application.css?body=1" for 127.0.0.1 at 2014-11-24 15:31:41 +0100


Started GET "/assets/jquery.js?body=1" for 127.0.0.1 at 2014-11-24 15:31:41 +0100


Started GET "/assets/jquery_ujs.js?body=1" for 127.0.0.1 at 2014-11-24 15:31:41 +0100


Started GET "/assets/turbolinks.js?body=1" for 127.0.0.1 at 2014-11-24 15:31:41 +0100


Started GET "/assets/articles.js?body=1" for 127.0.0.1 at 2014-11-24 15:31:41 +0100


Started GET "/assets/dragon_eggs.js?body=1" for 127.0.0.1 at 2014-11-24 15:31:41 +0100


Started GET "/assets/application.js?body=1" for 127.0.0.1 at 2014-11-24 15:31:41 +0100


Started GET "/articles/1" for 127.0.0.1 at 2014-11-24 15:31:41 +0100
Processing by ArticlesController#show as HTML
  Parameters: {"id"=>"1"}
  [1m[35mArticle Load (0.2ms)[0m  SELECT  "articles".* FROM "articles"  WHERE "articles"."id" = ? LIMIT 1  [["id", 1]]
  Rendered articles/show.html.erb within layouts/application (1.4ms)
Completed 200 OK in 121ms (Views: 118.8ms | ActiveRecord: 0.2ms)


Started GET "/articles/1" for 127.0.0.1 at 2014-11-24 15:31:41 +0100
Processing by ArticlesController#show as HTML
  Parameters: {"id"=>"1"}
  [1m[36mArticle Load (0.3ms)[0m  [1mSELECT  "articles".* FROM "articles"  WHERE "articles"."id" = ? LIMIT 1[0m  [["id", 1]]
  Rendered articles/show.html.erb within layouts/application (1.6ms)
Completed 200 OK in 136ms (Views: 133.4ms | ActiveRecord: 0.3ms)


Started GET "/assets/articles.css?body=1" for 127.0.0.1 at 2014-11-24 15:31:41 +0100


Started GET "/assets/dragon_eggs.css?body=1" for 127.0.0.1 at 2014-11-24 15:31:41 +0100


Started GET "/assets/scaffolds.css?body=1" for 127.0.0.1 at 2014-11-24 15:31:41 +0100


Started GET "/assets/application.css?body=1" for 127.0.0.1 at 2014-11-24 15:31:41 +0100


Started GET "/assets/jquery.js?body=1" for 127.0.0.1 at 2014-11-24 15:31:41 +0100


Started GET "/assets/jquery_ujs.js?body=1" for 127.0.0.1 at 2014-11-24 15:31:41 +0100


Started GET "/assets/turbolinks.js?body=1" for 127.0.0.1 at 2014-11-24 15:31:41 +0100


Started GET "/assets/dragon_eggs.js?body=1" for 127.0.0.1 at 2014-11-24 15:31:41 +0100


Started GET "/assets/articles.js?body=1" for 127.0.0.1 at 2014-11-24 15:31:41 +0100


Started GET "/assets/application.js?body=1" for 127.0.0.1 at 2014-11-24 15:31:41 +0100


Started GET "/articles/1" for 127.0.0.1 at 2014-11-24 15:31:51 +0100
  [1m[36mActiveRecord::SchemaMigration Load (0.2ms)[0m  [1mSELECT "schema_migrations".* FROM "schema_migrations"[0m
Processing by ArticlesController#show as HTML
  Parameters: {"id"=>"1"}
  [1m[35mArticle Load (0.4ms)[0m  SELECT  "articles".* FROM "articles"  WHERE "articles"."id" = ? LIMIT 1  [["id", 1]]
  Rendered articles/show.html.erb within layouts/application (22.8ms)
Completed 200 OK in 225ms (Views: 190.2ms | ActiveRecord: 1.2ms)


Started GET "/assets/articles.css?body=1" for 127.0.0.1 at 2014-11-24 15:31:52 +0100


Started GET "/assets/dragon_eggs.css?body=1" for 127.0.0.1 at 2014-11-24 15:31:52 +0100


Started GET "/assets/scaffolds.css?body=1" for 127.0.0.1 at 2014-11-24 15:31:52 +0100


Started GET "/assets/application.css?body=1" for 127.0.0.1 at 2014-11-24 15:31:52 +0100


Started GET "/assets/jquery.js?body=1" for 127.0.0.1 at 2014-11-24 15:31:52 +0100


Started GET "/assets/turbolinks.js?body=1" for 127.0.0.1 at 2014-11-24 15:31:52 +0100


Started GET "/assets/dragon_eggs.js?body=1" for 127.0.0.1 at 2014-11-24 15:31:52 +0100


Started GET "/assets/articles.js?body=1" for 127.0.0.1 at 2014-11-24 15:31:52 +0100


Started GET "/assets/jquery_ujs.js?body=1" for 127.0.0.1 at 2014-11-24 15:31:52 +0100


Started GET "/assets/application.js?body=1" for 127.0.0.1 at 2014-11-24 15:31:52 +0100


Started GET "/articles/1" for 127.0.0.1 at 2014-11-24 15:32:27 +0100
Processing by ArticlesController#show as HTML
  Parameters: {"id"=>"1"}
  [1m[36mArticle Load (0.2ms)[0m  [1mSELECT  "articles".* FROM "articles"  WHERE "articles"."id" = ? LIMIT 1[0m  [["id", 1]]
  [1m[35mComment Load (0.3ms)[0m  SELECT  "comments".* FROM "comments"  WHERE "comments"."article_id" = ?  ORDER BY "comments"."id" ASC LIMIT 1  [["article_id", 1]]
  Rendered articles/show.html.erb within layouts/application (10.4ms)
Completed 500 Internal Server Error in 16ms

ActionView::Template::Error (undefined method `comment' for nil:NilClass):
    12: 
    13: <p>
    14:   <strong>Comments:</strong>
    15:   <%= @article.comments.first.comment %>
    16: </p>
    17: 
    18: <%= link_to 'Edit', edit_article_path(@article) %> |
  app/views/articles/show.html.erb:15:in `_app_views_articles_show_html_erb___3283227219828746582_70159328229860'


  Rendered /home/raven/.rbenv/versions/2.0.0-dev/lib/ruby/gems/2.0.0/gems/actionpack-4.1.6/lib/action_dispatch/middleware/templates/rescues/_trace.html.erb (1.9ms)
  Rendered /home/raven/.rbenv/versions/2.0.0-dev/lib/ruby/gems/2.0.0/gems/actionpack-4.1.6/lib/action_dispatch/middleware/templates/rescues/_request_and_response.html.erb (1.4ms)
  Rendered /home/raven/.rbenv/versions/2.0.0-dev/lib/ruby/gems/2.0.0/gems/actionpack-4.1.6/lib/action_dispatch/middleware/templates/rescues/template_error.html.erb within rescues/layout (17.7ms)


Started GET "/articles/1" for 127.0.0.1 at 2014-11-24 15:33:33 +0100
Processing by ArticlesController#show as HTML
  Parameters: {"id"=>"1"}
  [1m[36mArticle Load (53.9ms)[0m  [1mSELECT  "articles".* FROM "articles"  WHERE "articles"."id" = ? LIMIT 1[0m  [["id", 1]]
  [1m[35mComment Exists (0.3ms)[0m  SELECT  1 AS one FROM "comments"  WHERE "comments"."article_id" = ? LIMIT 1  [["article_id", 1]]
  Rendered articles/show.html.erb within layouts/application (41.9ms)
Completed 200 OK in 172ms (Views: 116.1ms | ActiveRecord: 54.1ms)


Started GET "/assets/articles.css?body=1" for 127.0.0.1 at 2014-11-24 15:33:33 +0100


Started GET "/assets/dragon_eggs.css?body=1" for 127.0.0.1 at 2014-11-24 15:33:33 +0100


Started GET "/assets/scaffolds.css?body=1" for 127.0.0.1 at 2014-11-24 15:33:33 +0100


Started GET "/assets/application.css?body=1" for 127.0.0.1 at 2014-11-24 15:33:33 +0100


Started GET "/assets/jquery.js?body=1" for 127.0.0.1 at 2014-11-24 15:33:33 +0100


Started GET "/assets/jquery_ujs.js?body=1" for 127.0.0.1 at 2014-11-24 15:33:33 +0100


Started GET "/assets/turbolinks.js?body=1" for 127.0.0.1 at 2014-11-24 15:33:33 +0100


Started GET "/assets/articles.js?body=1" for 127.0.0.1 at 2014-11-24 15:33:33 +0100


Started GET "/assets/application.js?body=1" for 127.0.0.1 at 2014-11-24 15:33:33 +0100


Started GET "/assets/dragon_eggs.js?body=1" for 127.0.0.1 at 2014-11-24 15:33:33 +0100


Started GET "/articles" for 127.0.0.1 at 2014-11-24 15:33:41 +0100
Processing by ArticlesController#index as HTML
  [1m[36mArticle Load (0.4ms)[0m  [1mSELECT "articles".* FROM "articles"[0m
  Rendered articles/index.html.erb within layouts/application (6.8ms)
Completed 200 OK in 90ms (Views: 88.9ms | ActiveRecord: 0.4ms)


Started GET "/articles/1" for 127.0.0.1 at 2014-11-24 15:33:45 +0100
Processing by ArticlesController#show as HTML
  Parameters: {"id"=>"1"}
  [1m[35mArticle Load (0.2ms)[0m  SELECT  "articles".* FROM "articles"  WHERE "articles"."id" = ? LIMIT 1  [["id", 1]]
  [1m[36mComment Exists (0.1ms)[0m  [1mSELECT  1 AS one FROM "comments"  WHERE "comments"."article_id" = ? LIMIT 1[0m  [["article_id", 1]]
  Rendered articles/show.html.erb within layouts/application (3.0ms)
Completed 200 OK in 127ms (Views: 124.7ms | ActiveRecord: 0.3ms)
  [1m[36mArticle Load (0.3ms)[0m  [1mSELECT  "articles".* FROM "articles"   ORDER BY "articles"."id" ASC LIMIT 1[0m
  [1m[35m (0.2ms)[0m  begin transaction
  [1m[36mSQL (0.5ms)[0m  [1mINSERT INTO "comments" ("article_id", "comment") VALUES (?, ?)[0m  [["article_id", 1], ["comment", "lache ton c0m wesh"]]
  [1m[35m (185.4ms)[0m  commit transaction


Started GET "/articles/1" for 127.0.0.1 at 2014-11-24 15:38:47 +0100
  [1m[36mActiveRecord::SchemaMigration Load (0.2ms)[0m  [1mSELECT "schema_migrations".* FROM "schema_migrations"[0m
Processing by ArticlesController#show as HTML
  Parameters: {"id"=>"1"}
  [1m[35mArticle Load (0.3ms)[0m  SELECT  "articles".* FROM "articles"  WHERE "articles"."id" = ? LIMIT 1  [["id", 1]]
  [1m[36mComment Exists (0.3ms)[0m  [1mSELECT  1 AS one FROM "comments"  WHERE "comments"."article_id" = ? LIMIT 1[0m  [["article_id", 1]]
  [1m[35mComment Load (0.3ms)[0m  SELECT  "comments".* FROM "comments"  WHERE "comments"."article_id" = ?  ORDER BY "comments"."id" ASC LIMIT 1  [["article_id", 1]]
  Rendered articles/show.html.erb within layouts/application (43.0ms)
Completed 200 OK in 242ms (Views: 208.7ms | ActiveRecord: 2.0ms)


Started GET "/articles/1" for 127.0.0.1 at 2014-11-24 15:38:48 +0100
Processing by ArticlesController#show as HTML
  Parameters: {"id"=>"1"}
  [1m[36mArticle Load (0.3ms)[0m  [1mSELECT  "articles".* FROM "articles"  WHERE "articles"."id" = ? LIMIT 1[0m  [["id", 1]]
  [1m[35mComment Exists (0.2ms)[0m  SELECT  1 AS one FROM "comments"  WHERE "comments"."article_id" = ? LIMIT 1  [["article_id", 1]]
  [1m[36mComment Load (0.1ms)[0m  [1mSELECT  "comments".* FROM "comments"  WHERE "comments"."article_id" = ?  ORDER BY "comments"."id" ASC LIMIT 1[0m  [["article_id", 1]]
  Rendered articles/show.html.erb within layouts/application (3.9ms)
Completed 200 OK in 132ms (Views: 127.9ms | ActiveRecord: 0.5ms)


Started GET "/assets/jquery_ujs.js?body=1" for 127.0.0.1 at 2014-11-24 15:38:48 +0100


Started GET "/assets/turbolinks.js?body=1" for 127.0.0.1 at 2014-11-24 15:38:48 +0100


Started GET "/assets/articles.js?body=1" for 127.0.0.1 at 2014-11-24 15:38:48 +0100


Started GET "/assets/dragon_eggs.js?body=1" for 127.0.0.1 at 2014-11-24 15:38:48 +0100


Started GET "/assets/application.js?body=1" for 127.0.0.1 at 2014-11-24 15:38:48 +0100


Started GET "/assets/articles.css?body=1" for 127.0.0.1 at 2014-11-24 15:38:48 +0100


Started GET "/assets/dragon_eggs.css?body=1" for 127.0.0.1 at 2014-11-24 15:38:48 +0100


Started GET "/assets/scaffolds.css?body=1" for 127.0.0.1 at 2014-11-24 15:38:48 +0100


Started GET "/assets/application.css?body=1" for 127.0.0.1 at 2014-11-24 15:38:48 +0100


Started GET "/assets/jquery.js?body=1" for 127.0.0.1 at 2014-11-24 15:38:48 +0100


Started GET "/articles/1/edit" for 127.0.0.1 at 2014-11-24 15:40:01 +0100
Processing by ArticlesController#edit as HTML
  Parameters: {"id"=>"1"}
  [1m[35mArticle Load (0.2ms)[0m  SELECT  "articles".* FROM "articles"  WHERE "articles"."id" = ? LIMIT 1  [["id", 1]]
  Rendered articles/_form.html.erb (23.5ms)
  Rendered articles/edit.html.erb within layouts/application (29.1ms)
Completed 200 OK in 111ms (Views: 108.1ms | ActiveRecord: 0.2ms)


Started GET "/articles/1" for 127.0.0.1 at 2014-11-24 15:42:41 +0100
Processing by ArticlesController#show as HTML
  Parameters: {"id"=>"1"}
  [1m[36mArticle Load (0.2ms)[0m  [1mSELECT  "articles".* FROM "articles"  WHERE "articles"."id" = ? LIMIT 1[0m  [["id", 1]]
  Rendered articles/show.html.erb within layouts/application (12.3ms)
Completed 500 Internal Server Error in 18ms

ActionView::Template::Error (undefined method `model_name' for Comment::ActiveRecord_Associations_CollectionProxy:Class):
    11: </p>
    12: 
    13: 
    14: <%= form_for(@article.comments) do |f| %>
    15:   <div class="field">
    16:     <%= f.label :comment %><br>
    17:     <%= f.text_field :comment %>
  app/views/articles/show.html.erb:14:in `_app_views_articles_show_html_erb___498855939674686652_70236309325920'


  Rendered /home/raven/.rbenv/versions/2.0.0-dev/lib/ruby/gems/2.0.0/gems/actionpack-4.1.6/lib/action_dispatch/middleware/templates/rescues/_trace.html.erb (2.1ms)
  Rendered /home/raven/.rbenv/versions/2.0.0-dev/lib/ruby/gems/2.0.0/gems/actionpack-4.1.6/lib/action_dispatch/middleware/templates/rescues/_request_and_response.html.erb (1.6ms)
  Rendered /home/raven/.rbenv/versions/2.0.0-dev/lib/ruby/gems/2.0.0/gems/actionpack-4.1.6/lib/action_dispatch/middleware/templates/rescues/template_error.html.erb within rescues/layout (18.4ms)


Started GET "/articles/1" for 127.0.0.1 at 2014-11-24 15:43:05 +0100
Processing by ArticlesController#show as HTML
  Parameters: {"id"=>"1"}
  [1m[35mArticle Load (0.3ms)[0m  SELECT  "articles".* FROM "articles"  WHERE "articles"."id" = ? LIMIT 1  [["id", 1]]
  Rendered articles/show.html.erb within layouts/application (5.0ms)
Completed 500 Internal Server Error in 13ms

ActionView::Template::Error (undefined method `comment' for #<Article:0x007fc254a6fea0>):
    11: </p>
    12: 
    13: 
    14: <%= form_for(@article.comment) do |f| %>
    15:   <div class="field">
    16:     <%= f.label :comment %><br>
    17:     <%= f.text_field :comment %>
  app/views/articles/show.html.erb:14:in `_app_views_articles_show_html_erb___498855939674686652_70236310300020'


  Rendered /home/raven/.rbenv/versions/2.0.0-dev/lib/ruby/gems/2.0.0/gems/actionpack-4.1.6/lib/action_dispatch/middleware/templates/rescues/_trace.html.erb (2.0ms)
  Rendered /home/raven/.rbenv/versions/2.0.0-dev/lib/ruby/gems/2.0.0/gems/actionpack-4.1.6/lib/action_dispatch/middleware/templates/rescues/_request_and_response.html.erb (1.6ms)
  Rendered /home/raven/.rbenv/versions/2.0.0-dev/lib/ruby/gems/2.0.0/gems/actionpack-4.1.6/lib/action_dispatch/middleware/templates/rescues/template_error.html.erb within rescues/layout (69.2ms)


Started GET "/articles/1" for 127.0.0.1 at 2014-11-24 15:43:19 +0100
Processing by ArticlesController#show as HTML
  Parameters: {"id"=>"1"}
  [1m[36mArticle Load (0.3ms)[0m  [1mSELECT  "articles".* FROM "articles"  WHERE "articles"."id" = ? LIMIT 1[0m  [["id", 1]]
  Rendered articles/show.html.erb within layouts/application (3.9ms)
Completed 500 Internal Server Error in 12ms

ActionView::Template::Error (First argument in form cannot contain nil or be empty):
    11: </p>
    12: 
    13: 
    14: <%= form_for(@comment) do |f| %>
    15:   <div class="field">
    16:     <%= f.label :comment %><br>
    17:     <%= f.text_field :comment %>
  app/views/articles/show.html.erb:14:in `_app_views_articles_show_html_erb___498855939674686652_70236298466940'


  Rendered /home/raven/.rbenv/versions/2.0.0-dev/lib/ruby/gems/2.0.0/gems/actionpack-4.1.6/lib/action_dispatch/middleware/templates/rescues/_trace.html.erb (1.9ms)
  Rendered /home/raven/.rbenv/versions/2.0.0-dev/lib/ruby/gems/2.0.0/gems/actionpack-4.1.6/lib/action_dispatch/middleware/templates/rescues/_request_and_response.html.erb (1.8ms)
  Rendered /home/raven/.rbenv/versions/2.0.0-dev/lib/ruby/gems/2.0.0/gems/actionpack-4.1.6/lib/action_dispatch/middleware/templates/rescues/template_error.html.erb within rescues/layout (18.0ms)


Started GET "/articles/1" for 127.0.0.1 at 2014-11-24 15:43:31 +0100
Processing by ArticlesController#show as HTML
  Parameters: {"id"=>"1"}
  [1m[35mArticle Load (0.2ms)[0m  SELECT  "articles".* FROM "articles"  WHERE "articles"."id" = ? LIMIT 1  [["id", 1]]
  Rendered articles/show.html.erb within layouts/application (2.7ms)
Completed 500 Internal Server Error in 8ms

ActionView::Template::Error (First argument in form cannot contain nil or be empty):
    11: </p>
    12: 
    13: 
    14: <%= form_for(@comments) do |f| %>
    15:   <div class="field">
    16:     <%= f.label :comment %><br>
    17:     <%= f.text_field :comment %>
  app/views/articles/show.html.erb:14:in `_app_views_articles_show_html_erb___498855939674686652_70236299726940'


  Rendered /home/raven/.rbenv/versions/2.0.0-dev/lib/ruby/gems/2.0.0/gems/actionpack-4.1.6/lib/action_dispatch/middleware/templates/rescues/_trace.html.erb (1.9ms)
  Rendered /home/raven/.rbenv/versions/2.0.0-dev/lib/ruby/gems/2.0.0/gems/actionpack-4.1.6/lib/action_dispatch/middleware/templates/rescues/_request_and_response.html.erb (1.4ms)
  Rendered /home/raven/.rbenv/versions/2.0.0-dev/lib/ruby/gems/2.0.0/gems/actionpack-4.1.6/lib/action_dispatch/middleware/templates/rescues/template_error.html.erb within rescues/layout (17.9ms)


Started GET "/articles/1" for 127.0.0.1 at 2014-11-24 15:43:46 +0100
Processing by ArticlesController#show as HTML
  Parameters: {"id"=>"1"}
  [1m[36mArticle Load (0.3ms)[0m  [1mSELECT  "articles".* FROM "articles"  WHERE "articles"."id" = ? LIMIT 1[0m  [["id", 1]]
  Rendered articles/show.html.erb within layouts/application (4.2ms)
Completed 500 Internal Server Error in 11ms

ActionView::Template::Error (undefined method `model_name' for Comment::ActiveRecord_Associations_CollectionProxy:Class):
    11: </p>
    12: 
    13: 
    14: <%= form_for(@article.comments) do |f| %>
    15:   <div class="field">
    16:     <%= f.label :comment %><br>
    17:     <%= f.text_field :comment %>
  app/views/articles/show.html.erb:14:in `_app_views_articles_show_html_erb___498855939674686652_70236307591600'


  Rendered /home/raven/.rbenv/versions/2.0.0-dev/lib/ruby/gems/2.0.0/gems/actionpack-4.1.6/lib/action_dispatch/middleware/templates/rescues/_trace.html.erb (2.1ms)
  Rendered /home/raven/.rbenv/versions/2.0.0-dev/lib/ruby/gems/2.0.0/gems/actionpack-4.1.6/lib/action_dispatch/middleware/templates/rescues/_request_and_response.html.erb (1.5ms)
  Rendered /home/raven/.rbenv/versions/2.0.0-dev/lib/ruby/gems/2.0.0/gems/actionpack-4.1.6/lib/action_dispatch/middleware/templates/rescues/template_error.html.erb within rescues/layout (18.2ms)


Started GET "/articles/1" for 127.0.0.1 at 2014-11-24 15:48:00 +0100
  [1m[36mActiveRecord::SchemaMigration Load (0.2ms)[0m  [1mSELECT "schema_migrations".* FROM "schema_migrations"[0m
Processing by ArticlesController#show as HTML
  Parameters: {"id"=>"1"}
  [1m[35mArticle Load (0.3ms)[0m  SELECT  "articles".* FROM "articles"  WHERE "articles"."id" = ? LIMIT 1  [["id", 1]]
  [1m[36mComment Exists (0.3ms)[0m  [1mSELECT  1 AS one FROM "comments"  WHERE "comments"."article_id" = ? LIMIT 1[0m  [["article_id", 1]]
  [1m[35mComment Load (0.3ms)[0m  SELECT  "comments".* FROM "comments"  WHERE "comments"."article_id" = ?  ORDER BY "comments"."id" ASC LIMIT 1  [["article_id", 1]]
  Rendered articles/show.html.erb within layouts/application (42.7ms)
Completed 200 OK in 241ms (Views: 206.8ms | ActiveRecord: 2.1ms)


Started GET "/assets/articles.css?body=1" for 127.0.0.1 at 2014-11-24 15:48:00 +0100


Started GET "/assets/dragon_eggs.css?body=1" for 127.0.0.1 at 2014-11-24 15:48:00 +0100


Started GET "/assets/application.css?body=1" for 127.0.0.1 at 2014-11-24 15:48:00 +0100


Started GET "/assets/articles.js?body=1" for 127.0.0.1 at 2014-11-24 15:48:00 +0100


Started GET "/assets/jquery.js?body=1" for 127.0.0.1 at 2014-11-24 15:48:00 +0100


Started GET "/assets/scaffolds.css?body=1" for 127.0.0.1 at 2014-11-24 15:48:00 +0100


Started GET "/assets/jquery_ujs.js?body=1" for 127.0.0.1 at 2014-11-24 15:48:00 +0100


Started GET "/assets/turbolinks.js?body=1" for 127.0.0.1 at 2014-11-24 15:48:00 +0100


Started GET "/assets/dragon_eggs.js?body=1" for 127.0.0.1 at 2014-11-24 15:48:00 +0100


Started GET "/assets/application.js?body=1" for 127.0.0.1 at 2014-11-24 15:48:00 +0100


Started GET "/articles" for 127.0.0.1 at 2014-11-24 15:48:04 +0100
Processing by ArticlesController#index as HTML
  [1m[36mArticle Load (0.5ms)[0m  [1mSELECT "articles".* FROM "articles"[0m
  Rendered articles/index.html.erb within layouts/application (8.8ms)
Completed 200 OK in 138ms (Views: 136.0ms | ActiveRecord: 0.5ms)


Started GET "/articles/1/edit" for 127.0.0.1 at 2014-11-24 15:48:08 +0100
Processing by ArticlesController#edit as HTML
  Parameters: {"id"=>"1"}
  [1m[35mArticle Load (0.3ms)[0m  SELECT  "articles".* FROM "articles"  WHERE "articles"."id" = ? LIMIT 1  [["id", 1]]
  Rendered articles/_form.html.erb (22.6ms)
  Rendered articles/edit.html.erb within layouts/application (29.0ms)
Completed 200 OK in 108ms (Views: 104.3ms | ActiveRecord: 0.3ms)
